{"/Users/igngarcia/Projects/splitpal/frontend/assets/logo.png": {"path":"/Users/igngarcia/Projects/splitpal/frontend/assets/logo.png","statementMap":{"0":{"start":{"line":1,"column":0},"end":{"line":1,"column":19}}},"fnMap":{},"branchMap":{},"s":{"0":2},"f":{},"b":{},"_coverageSchema":"1a1c01bbd47fc00a2c39e90264f33305004495a9","hash":"ea127cd10591a3b07c4150837c1c955e81a39ae0"}
,"/Users/igngarcia/Projects/splitpal/frontend/src/components/Card/index.tsx": {"path":"/Users/igngarcia/Projects/splitpal/frontend/src/components/Card/index.tsx","statementMap":{"0":{"start":{"line":9,"column":30},"end":{"line":19,"column":1}},"1":{"start":{"line":10,"column":17},"end":{"line":10,"column":44}},"2":{"start":{"line":11,"column":2},"end":{"line":18,"column":4}}},"fnMap":{"0":{"name":"(anonymous_0)","decl":{"start":{"line":9,"column":30},"end":{"line":9,"column":31}},"loc":{"start":{"line":9,"column":62},"end":{"line":19,"column":1}},"line":9}},"branchMap":{"0":{"loc":{"start":{"line":14,"column":9},"end":{"line":14,"column":40}},"type":"binary-expr","locations":[{"start":{"line":14,"column":9},"end":{"line":14,"column":14}},{"start":{"line":14,"column":18},"end":{"line":14,"column":40}}],"line":14}},"s":{"0":5,"1":28,"2":28},"f":{"0":28},"b":{"0":[28,7]},"_coverageSchema":"1a1c01bbd47fc00a2c39e90264f33305004495a9","hash":"92e07bb43655533b37a8d92d48ee8d45da5fb8dc"}
,"/Users/igngarcia/Projects/splitpal/frontend/src/components/Card/styles.ts": {"path":"/Users/igngarcia/Projects/splitpal/frontend/src/components/Card/styles.ts","statementMap":{"0":{"start":{"line":4,"column":15},"end":{"line":11,"column":4}},"1":{"start":{"line":5,"column":2},"end":{"line":11,"column":4}}},"fnMap":{"0":{"name":"(anonymous_0)","decl":{"start":{"line":4,"column":15},"end":{"line":4,"column":16}},"loc":{"start":{"line":5,"column":2},"end":{"line":11,"column":4}},"line":5}},"branchMap":{},"s":{"0":5,"1":28},"f":{"0":28},"b":{},"_coverageSchema":"1a1c01bbd47fc00a2c39e90264f33305004495a9","hash":"b42a00cb75f7657709ae7179b589356e36371fdb"}
,"/Users/igngarcia/Projects/splitpal/frontend/src/components/FAB/New.tsx": {"path":"/Users/igngarcia/Projects/splitpal/frontend/src/components/FAB/New.tsx","statementMap":{"0":{"start":{"line":7,"column":31},"end":{"line":21,"column":1}},"1":{"start":{"line":8,"column":2},"end":{"line":8,"column":32}},"2":{"start":{"line":8,"column":16},"end":{"line":8,"column":32}},"3":{"start":{"line":9,"column":2},"end":{"line":20,"column":4}}},"fnMap":{"0":{"name":"(anonymous_0)","decl":{"start":{"line":7,"column":31},"end":{"line":7,"column":32}},"loc":{"start":{"line":7,"column":79},"end":{"line":21,"column":1}},"line":7}},"branchMap":{"0":{"loc":{"start":{"line":8,"column":2},"end":{"line":8,"column":32}},"type":"if","locations":[{"start":{"line":8,"column":2},"end":{"line":8,"column":32}},{"start":{},"end":{}}],"line":8},"1":{"loc":{"start":{"line":12,"column":13},"end":{"line":12,"column":25}},"type":"binary-expr","locations":[{"start":{"line":12,"column":13},"end":{"line":12,"column":18}},{"start":{"line":12,"column":22},"end":{"line":12,"column":25}}],"line":12},"2":{"loc":{"start":{"line":16,"column":31},"end":{"line":16,"column":49}},"type":"binary-expr","locations":[{"start":{"line":16,"column":31},"end":{"line":16,"column":36}},{"start":{"line":16,"column":40},"end":{"line":16,"column":49}}],"line":16},"3":{"loc":{"start":{"line":16,"column":51},"end":{"line":16,"column":71}},"type":"binary-expr","locations":[{"start":{"line":16,"column":51},"end":{"line":16,"column":57}},{"start":{"line":16,"column":61},"end":{"line":16,"column":71}}],"line":16}},"s":{"0":2,"1":8,"2":1,"3":7},"f":{"0":8},"b":{"0":[1,7],"1":[7,0],"2":[7,0],"3":[7,4]},"_coverageSchema":"1a1c01bbd47fc00a2c39e90264f33305004495a9","hash":"fad84fcf93c830c79eb3196f1df8c4ee487c3b64"}
,"/Users/igngarcia/Projects/splitpal/frontend/src/components/FAB/index.tsx": {"path":"/Users/igngarcia/Projects/splitpal/frontend/src/components/FAB/index.tsx","statementMap":{"0":{"start":{"line":3,"column":19},"end":{"line":5,"column":1}}},"fnMap":{},"branchMap":{},"s":{"0":2},"f":{},"b":{},"_coverageSchema":"1a1c01bbd47fc00a2c39e90264f33305004495a9","hash":"a6ff4d9896de503d10c1d251925f99daea2cf542"}
,"/Users/igngarcia/Projects/splitpal/frontend/src/components/FAB/styles.ts": {"path":"/Users/igngarcia/Projects/splitpal/frontend/src/components/FAB/styles.ts","statementMap":{"0":{"start":{"line":3,"column":15},"end":{"line":10,"column":2}}},"fnMap":{},"branchMap":{},"s":{"0":2},"f":{},"b":{},"_coverageSchema":"1a1c01bbd47fc00a2c39e90264f33305004495a9","hash":"55bf6474bfaa0e8bed141d103060631f2ee517d5"}
,"/Users/igngarcia/Projects/splitpal/frontend/src/components/FormError/index.tsx": {"path":"/Users/igngarcia/Projects/splitpal/frontend/src/components/FormError/index.tsx","statementMap":{"0":{"start":{"line":6,"column":40},"end":{"line":8,"column":1}},"1":{"start":{"line":7,"column":2},"end":{"line":7,"column":60}}},"fnMap":{"0":{"name":"(anonymous_0)","decl":{"start":{"line":6,"column":40},"end":{"line":6,"column":41}},"loc":{"start":{"line":6,"column":58},"end":{"line":8,"column":1}},"line":6}},"branchMap":{},"s":{"0":3,"1":13},"f":{"0":13},"b":{},"_coverageSchema":"1a1c01bbd47fc00a2c39e90264f33305004495a9","hash":"bb741165ebe24fdcfad8ba2afea7d33616a4723e"}
,"/Users/igngarcia/Projects/splitpal/frontend/src/components/FormError/styles.ts": {"path":"/Users/igngarcia/Projects/splitpal/frontend/src/components/FormError/styles.ts","statementMap":{"0":{"start":{"line":3,"column":15},"end":{"line":9,"column":2}}},"fnMap":{},"branchMap":{},"s":{"0":3},"f":{},"b":{},"_coverageSchema":"1a1c01bbd47fc00a2c39e90264f33305004495a9","hash":"d64baec5a568fc1596db67e324a780dd7ad162bf"}
,"/Users/igngarcia/Projects/splitpal/frontend/src/components/Input/index.tsx": {"path":"/Users/igngarcia/Projects/splitpal/frontend/src/components/Input/index.tsx","statementMap":{"0":{"start":{"line":6,"column":40},"end":{"line":9,"column":1}},"1":{"start":{"line":7,"column":17},"end":{"line":7,"column":45}},"2":{"start":{"line":8,"column":2},"end":{"line":8,"column":135}}},"fnMap":{"0":{"name":"(anonymous_0)","decl":{"start":{"line":6,"column":40},"end":{"line":6,"column":41}},"loc":{"start":{"line":6,"column":51},"end":{"line":9,"column":1}},"line":6}},"branchMap":{},"s":{"0":10,"1":161,"2":157},"f":{"0":161},"b":{},"_coverageSchema":"1a1c01bbd47fc00a2c39e90264f33305004495a9","hash":"896599e6dd55881a61f41c57007cb52c88d81df6"}
,"/Users/igngarcia/Projects/splitpal/frontend/src/components/Input/styles.ts": {"path":"/Users/igngarcia/Projects/splitpal/frontend/src/components/Input/styles.ts","statementMap":{"0":{"start":{"line":4,"column":20},"end":{"line":9,"column":4}},"1":{"start":{"line":5,"column":2},"end":{"line":9,"column":4}}},"fnMap":{"0":{"name":"(anonymous_0)","decl":{"start":{"line":4,"column":20},"end":{"line":4,"column":21}},"loc":{"start":{"line":5,"column":2},"end":{"line":9,"column":4}},"line":5}},"branchMap":{},"s":{"0":10,"1":157},"f":{"0":157},"b":{},"_coverageSchema":"1a1c01bbd47fc00a2c39e90264f33305004495a9","hash":"1ed2f7399f8ddef1581c0eff46e26d8c33b221ed"}
,"/Users/igngarcia/Projects/splitpal/frontend/src/components/ListedButton/index.tsx": {"path":"/Users/igngarcia/Projects/splitpal/frontend/src/components/ListedButton/index.tsx","statementMap":{"0":{"start":{"line":9,"column":46},"end":{"line":23,"column":1}},"1":{"start":{"line":10,"column":16},"end":{"line":10,"column":26}},"2":{"start":{"line":11,"column":2},"end":{"line":22,"column":4}}},"fnMap":{"0":{"name":"(anonymous_0)","decl":{"start":{"line":9,"column":46},"end":{"line":9,"column":47}},"loc":{"start":{"line":9,"column":76},"end":{"line":23,"column":1}},"line":9}},"branchMap":{},"s":{"0":1,"1":2,"2":2},"f":{"0":2},"b":{},"_coverageSchema":"1a1c01bbd47fc00a2c39e90264f33305004495a9","hash":"b07ae0f7f273b67e16189a20e187d851acdb3018"}
,"/Users/igngarcia/Projects/splitpal/frontend/src/components/ListedButton/styles.ts": {"path":"/Users/igngarcia/Projects/splitpal/frontend/src/components/ListedButton/styles.ts","statementMap":{"0":{"start":{"line":3,"column":15},"end":{"line":17,"column":2}}},"fnMap":{},"branchMap":{},"s":{"0":1},"f":{},"b":{},"_coverageSchema":"1a1c01bbd47fc00a2c39e90264f33305004495a9","hash":"204db43156547ec21e01bcfa9b632952055c0238"}
,"/Users/igngarcia/Projects/splitpal/frontend/src/components/MaskedValue/index.tsx": {"path":"/Users/igngarcia/Projects/splitpal/frontend/src/components/MaskedValue/index.tsx","statementMap":{"0":{"start":{"line":6,"column":44},"end":{"line":26,"column":1}},"1":{"start":{"line":7,"column":2},"end":{"line":25,"column":4}}},"fnMap":{"0":{"name":"(anonymous_0)","decl":{"start":{"line":6,"column":44},"end":{"line":6,"column":45}},"loc":{"start":{"line":6,"column":74},"end":{"line":26,"column":1}},"line":6}},"branchMap":{},"s":{"0":4,"1":21},"f":{"0":21},"b":{},"_coverageSchema":"1a1c01bbd47fc00a2c39e90264f33305004495a9","hash":"fdf4e764b2b89a5d5d3c74e2069ddb9514de1801"}
,"/Users/igngarcia/Projects/splitpal/frontend/src/components/Payment/index.tsx": {"path":"/Users/igngarcia/Projects/splitpal/frontend/src/components/Payment/index.tsx","statementMap":{"0":{"start":{"line":4,"column":23},"end":{"line":7,"column":1}}},"fnMap":{},"branchMap":{},"s":{"0":1},"f":{},"b":{},"_coverageSchema":"1a1c01bbd47fc00a2c39e90264f33305004495a9","hash":"77fcc57917bce7e9182134163400e6d52df829b7"}
,"/Users/igngarcia/Projects/splitpal/frontend/src/components/Payment/styles.ts": {"path":"/Users/igngarcia/Projects/splitpal/frontend/src/components/Payment/styles.ts","statementMap":{"0":{"start":{"line":3,"column":15},"end":{"line":28,"column":2}}},"fnMap":{},"branchMap":{},"s":{"0":2},"f":{},"b":{},"_coverageSchema":"1a1c01bbd47fc00a2c39e90264f33305004495a9","hash":"12f865160f1de742fa866aa35667efb9bdce3b9d"}
,"/Users/igngarcia/Projects/splitpal/frontend/src/components/Payment/Item/index.tsx": {"path":"/Users/igngarcia/Projects/splitpal/frontend/src/components/Payment/Item/index.tsx","statementMap":{"0":{"start":{"line":10,"column":39},"end":{"line":33,"column":1}},"1":{"start":{"line":11,"column":2},"end":{"line":32,"column":4}},"2":{"start":{"line":27,"column":49},"end":{"line":27,"column":81}}},"fnMap":{"0":{"name":"(anonymous_0)","decl":{"start":{"line":10,"column":39},"end":{"line":10,"column":40}},"loc":{"start":{"line":10,"column":52},"end":{"line":33,"column":1}},"line":10},"1":{"name":"(anonymous_1)","decl":{"start":{"line":27,"column":43},"end":{"line":27,"column":44}},"loc":{"start":{"line":27,"column":49},"end":{"line":27,"column":81}},"line":27}},"branchMap":{},"s":{"0":2,"1":9,"2":1},"f":{"0":9,"1":1},"b":{},"_coverageSchema":"1a1c01bbd47fc00a2c39e90264f33305004495a9","hash":"ee8a162f1bbe769b08a601fd452f061093c95f54"}
,"/Users/igngarcia/Projects/splitpal/frontend/src/components/Payment/List/index.tsx": {"path":"/Users/igngarcia/Projects/splitpal/frontend/src/components/Payment/List/index.tsx","statementMap":{"0":{"start":{"line":10,"column":44},"end":{"line":24,"column":1}},"1":{"start":{"line":11,"column":21},"end":{"line":11,"column":96}},"2":{"start":{"line":11,"column":66},"end":{"line":11,"column":91}},"3":{"start":{"line":13,"column":2},"end":{"line":13,"column":64}},"4":{"start":{"line":13,"column":15},"end":{"line":13,"column":64}},"5":{"start":{"line":14,"column":2},"end":{"line":23,"column":4}},"6":{"start":{"line":17,"column":27},"end":{"line":17,"column":31}}},"fnMap":{"0":{"name":"(anonymous_0)","decl":{"start":{"line":10,"column":44},"end":{"line":10,"column":45}},"loc":{"start":{"line":10,"column":67},"end":{"line":24,"column":1}},"line":10},"1":{"name":"(anonymous_1)","decl":{"start":{"line":11,"column":33},"end":{"line":11,"column":34}},"loc":{"start":{"line":11,"column":66},"end":{"line":11,"column":91}},"line":11},"2":{"name":"(anonymous_2)","decl":{"start":{"line":17,"column":20},"end":{"line":17,"column":21}},"loc":{"start":{"line":17,"column":27},"end":{"line":17,"column":31}},"line":17}},"branchMap":{"0":{"loc":{"start":{"line":13,"column":2},"end":{"line":13,"column":64}},"type":"if","locations":[{"start":{"line":13,"column":2},"end":{"line":13,"column":64}},{"start":{},"end":{}}],"line":13}},"s":{"0":2,"1":6,"2":5,"3":6,"4":1,"5":5,"6":10},"f":{"0":6,"1":5,"2":10},"b":{"0":[1,5]},"_coverageSchema":"1a1c01bbd47fc00a2c39e90264f33305004495a9","hash":"8c48bac9a683b3387e842367056b5dd9ded1e471"}
,"/Users/igngarcia/Projects/splitpal/frontend/src/components/Rounded/index.tsx": {"path":"/Users/igngarcia/Projects/splitpal/frontend/src/components/Rounded/index.tsx","statementMap":{"0":{"start":{"line":4,"column":23},"end":{"line":7,"column":1}}},"fnMap":{},"branchMap":{},"s":{"0":2},"f":{},"b":{},"_coverageSchema":"1a1c01bbd47fc00a2c39e90264f33305004495a9","hash":"5fadc9b2458dfd194bd97a1e6e0ce9c47250b2b7"}
,"/Users/igngarcia/Projects/splitpal/frontend/src/components/Rounded/styles.ts": {"path":"/Users/igngarcia/Projects/splitpal/frontend/src/components/Rounded/styles.ts","statementMap":{"0":{"start":{"line":4,"column":15},"end":{"line":19,"column":4}},"1":{"start":{"line":5,"column":2},"end":{"line":19,"column":4}}},"fnMap":{"0":{"name":"(anonymous_0)","decl":{"start":{"line":4,"column":15},"end":{"line":4,"column":16}},"loc":{"start":{"line":5,"column":2},"end":{"line":19,"column":4}},"line":5}},"branchMap":{},"s":{"0":2,"1":9},"f":{"0":9},"b":{},"_coverageSchema":"1a1c01bbd47fc00a2c39e90264f33305004495a9","hash":"a3d46f38a94944e712ae502199e6eecb93fc528c"}
,"/Users/igngarcia/Projects/splitpal/frontend/src/components/Rounded/Back/index.tsx": {"path":"/Users/igngarcia/Projects/splitpal/frontend/src/components/Rounded/Back/index.tsx","statementMap":{"0":{"start":{"line":6,"column":46},"end":{"line":9,"column":1}},"1":{"start":{"line":7,"column":21},"end":{"line":7,"column":36}},"2":{"start":{"line":8,"column":2},"end":{"line":8,"column":75}}},"fnMap":{"0":{"name":"(anonymous_0)","decl":{"start":{"line":6,"column":46},"end":{"line":6,"column":47}},"loc":{"start":{"line":6,"column":52},"end":{"line":9,"column":1}},"line":6}},"branchMap":{},"s":{"0":2,"1":7,"2":7},"f":{"0":7},"b":{},"_coverageSchema":"1a1c01bbd47fc00a2c39e90264f33305004495a9","hash":"b33236d0c2320397e7e2ff8fd82099edbe2a2b76"}
,"/Users/igngarcia/Projects/splitpal/frontend/src/components/Rounded/Default/index.tsx": {"path":"/Users/igngarcia/Projects/splitpal/frontend/src/components/Rounded/Default/index.tsx","statementMap":{"0":{"start":{"line":8,"column":50},"end":{"line":15,"column":1}},"1":{"start":{"line":9,"column":17},"end":{"line":9,"column":44}},"2":{"start":{"line":10,"column":2},"end":{"line":14,"column":4}}},"fnMap":{"0":{"name":"(anonymous_0)","decl":{"start":{"line":8,"column":50},"end":{"line":8,"column":51}},"loc":{"start":{"line":8,"column":72},"end":{"line":15,"column":1}},"line":8}},"branchMap":{},"s":{"0":2,"1":9,"2":9},"f":{"0":9},"b":{},"_coverageSchema":"1a1c01bbd47fc00a2c39e90264f33305004495a9","hash":"a6280585dde4d36e4674fb741f49aef4140b9035"}
,"/Users/igngarcia/Projects/splitpal/frontend/src/components/Row/index.tsx": {"path":"/Users/igngarcia/Projects/splitpal/frontend/src/components/Row/index.tsx","statementMap":{"0":{"start":{"line":6,"column":33},"end":{"line":13,"column":1}},"1":{"start":{"line":7,"column":17},"end":{"line":7,"column":45}},"2":{"start":{"line":8,"column":2},"end":{"line":12,"column":4}}},"fnMap":{"0":{"name":"(anonymous_0)","decl":{"start":{"line":6,"column":33},"end":{"line":6,"column":34}},"loc":{"start":{"line":6,"column":68},"end":{"line":13,"column":1}},"line":6}},"branchMap":{},"s":{"0":12,"1":92,"2":92},"f":{"0":92},"b":{},"_coverageSchema":"1a1c01bbd47fc00a2c39e90264f33305004495a9","hash":"d95f7f092321c93494420854b387aa866ff4810a"}
,"/Users/igngarcia/Projects/splitpal/frontend/src/components/Row/styles.ts": {"path":"/Users/igngarcia/Projects/splitpal/frontend/src/components/Row/styles.ts","statementMap":{"0":{"start":{"line":4,"column":21},"end":{"line":9,"column":4}},"1":{"start":{"line":5,"column":2},"end":{"line":9,"column":4}}},"fnMap":{"0":{"name":"(anonymous_0)","decl":{"start":{"line":4,"column":21},"end":{"line":4,"column":22}},"loc":{"start":{"line":5,"column":2},"end":{"line":9,"column":4}},"line":5}},"branchMap":{},"s":{"0":12,"1":92},"f":{"0":92},"b":{},"_coverageSchema":"1a1c01bbd47fc00a2c39e90264f33305004495a9","hash":"d2dce297ded056d225ba8915ca95ae4b537cb9d5"}
,"/Users/igngarcia/Projects/splitpal/frontend/src/components/Screen/index.tsx": {"path":"/Users/igngarcia/Projects/splitpal/frontend/src/components/Screen/index.tsx","statementMap":{"0":{"start":{"line":6,"column":22},"end":{"line":11,"column":1}}},"fnMap":{},"branchMap":{},"s":{"0":8},"f":{},"b":{},"_coverageSchema":"1a1c01bbd47fc00a2c39e90264f33305004495a9","hash":"232998c6ec9230f6a264d73093c8fb34917e340b"}
,"/Users/igngarcia/Projects/splitpal/frontend/src/components/Screen/styles.ts": {"path":"/Users/igngarcia/Projects/splitpal/frontend/src/components/Screen/styles.ts","statementMap":{"0":{"start":{"line":3,"column":14},"end":{"line":15,"column":2}}},"fnMap":{},"branchMap":{},"s":{"0":8},"f":{},"b":{},"_coverageSchema":"1a1c01bbd47fc00a2c39e90264f33305004495a9","hash":"7d6a1dc8be8224075a32d0bb30f815c22dbd20bc"}
,"/Users/igngarcia/Projects/splitpal/frontend/src/components/Screen/Content/index.tsx": {"path":"/Users/igngarcia/Projects/splitpal/frontend/src/components/Screen/Content/index.tsx","statementMap":{"0":{"start":{"line":6,"column":48},"end":{"line":8,"column":1}},"1":{"start":{"line":7,"column":2},"end":{"line":7,"column":77}}},"fnMap":{"0":{"name":"(anonymous_0)","decl":{"start":{"line":6,"column":48},"end":{"line":6,"column":49}},"loc":{"start":{"line":6,"column":82},"end":{"line":8,"column":1}},"line":6}},"branchMap":{"0":{"loc":{"start":{"line":7,"column":30},"end":{"line":7,"column":68}},"type":"cond-expr","locations":[{"start":{"line":7,"column":40},"end":{"line":7,"column":57}},{"start":{"line":7,"column":60},"end":{"line":7,"column":68}}],"line":7}},"s":{"0":8,"1":17},"f":{"0":17},"b":{"0":[1,16]},"_coverageSchema":"1a1c01bbd47fc00a2c39e90264f33305004495a9","hash":"981f1a0b5b73cbb6b951ee02ea1e4f74302f0a3f"}
,"/Users/igngarcia/Projects/splitpal/frontend/src/components/Screen/Header/index.tsx": {"path":"/Users/igngarcia/Projects/splitpal/frontend/src/components/Screen/Header/index.tsx","statementMap":{"0":{"start":{"line":6,"column":46},"end":{"line":12,"column":1}},"1":{"start":{"line":7,"column":2},"end":{"line":11,"column":4}}},"fnMap":{"0":{"name":"(anonymous_0)","decl":{"start":{"line":6,"column":46},"end":{"line":6,"column":47}},"loc":{"start":{"line":6,"column":64},"end":{"line":12,"column":1}},"line":6}},"branchMap":{},"s":{"0":8,"1":16},"f":{"0":16},"b":{},"_coverageSchema":"1a1c01bbd47fc00a2c39e90264f33305004495a9","hash":"031e0a88f625b85ec6d38629175d02597892b127"}
,"/Users/igngarcia/Projects/splitpal/frontend/src/components/Screen/Loading/index.tsx": {"path":"/Users/igngarcia/Projects/splitpal/frontend/src/components/Screen/Loading/index.tsx","statementMap":{"0":{"start":{"line":7,"column":48},"end":{"line":13,"column":1}},"1":{"start":{"line":8,"column":2},"end":{"line":12,"column":4}}},"fnMap":{"0":{"name":"(anonymous_0)","decl":{"start":{"line":7,"column":48},"end":{"line":7,"column":49}},"loc":{"start":{"line":7,"column":63},"end":{"line":13,"column":1}},"line":7}},"branchMap":{"0":{"loc":{"start":{"line":10,"column":84},"end":{"line":10,"column":108}},"type":"binary-expr","locations":[{"start":{"line":10,"column":84},"end":{"line":10,"column":89}},{"start":{"line":10,"column":93},"end":{"line":10,"column":108}}],"line":10}},"s":{"0":8,"1":4},"f":{"0":4},"b":{"0":[4,2]},"_coverageSchema":"1a1c01bbd47fc00a2c39e90264f33305004495a9","hash":"c4c8352d5bb142a1fbe4ee9dc334fc345f91818a"}
,"/Users/igngarcia/Projects/splitpal/frontend/src/components/Screen/Root/index.tsx": {"path":"/Users/igngarcia/Projects/splitpal/frontend/src/components/Screen/Root/index.tsx","statementMap":{"0":{"start":{"line":7,"column":42},"end":{"line":15,"column":1}},"1":{"start":{"line":8,"column":2},"end":{"line":14,"column":4}}},"fnMap":{"0":{"name":"(anonymous_0)","decl":{"start":{"line":7,"column":42},"end":{"line":7,"column":43}},"loc":{"start":{"line":7,"column":67},"end":{"line":15,"column":1}},"line":7}},"branchMap":{"0":{"loc":{"start":{"line":10,"column":49},"end":{"line":10,"column":74}},"type":"binary-expr","locations":[{"start":{"line":10,"column":49},"end":{"line":10,"column":54}},{"start":{"line":10,"column":58},"end":{"line":10,"column":74}}],"line":10}},"s":{"0":8,"1":26},"f":{"0":26},"b":{"0":[26,15]},"_coverageSchema":"1a1c01bbd47fc00a2c39e90264f33305004495a9","hash":"42867d565c259e28ee7ba3a2f9f97612f580276d"}
,"/Users/igngarcia/Projects/splitpal/frontend/src/components/Skeleton/index.tsx": {"path":"/Users/igngarcia/Projects/splitpal/frontend/src/components/Skeleton/index.tsx","statementMap":{"0":{"start":{"line":6,"column":38},"end":{"line":11,"column":1}},"1":{"start":{"line":7,"column":16},"end":{"line":7,"column":32}},"2":{"start":{"line":8,"column":2},"end":{"line":8,"column":30}},"3":{"start":{"line":8,"column":14},"end":{"line":8,"column":30}},"4":{"start":{"line":10,"column":2},"end":{"line":10,"column":55}}},"fnMap":{"0":{"name":"(anonymous_0)","decl":{"start":{"line":6,"column":38},"end":{"line":6,"column":39}},"loc":{"start":{"line":6,"column":49},"end":{"line":11,"column":1}},"line":6}},"branchMap":{"0":{"loc":{"start":{"line":8,"column":2},"end":{"line":8,"column":30}},"type":"if","locations":[{"start":{"line":8,"column":2},"end":{"line":8,"column":30}},{"start":{},"end":{}}],"line":8}},"s":{"0":3,"1":7,"2":7,"3":0,"4":7},"f":{"0":7},"b":{"0":[0,7]},"_coverageSchema":"1a1c01bbd47fc00a2c39e90264f33305004495a9","hash":"6307a489b8eff326b7c4025ac0da7fe1b9459c8f"}
,"/Users/igngarcia/Projects/splitpal/frontend/src/components/Spaced/index.tsx": {"path":"/Users/igngarcia/Projects/splitpal/frontend/src/components/Spaced/index.tsx","statementMap":{"0":{"start":{"line":5,"column":34},"end":{"line":11,"column":1}},"1":{"start":{"line":6,"column":2},"end":{"line":10,"column":4}}},"fnMap":{"0":{"name":"(anonymous_0)","decl":{"start":{"line":5,"column":34},"end":{"line":5,"column":35}},"loc":{"start":{"line":5,"column":57},"end":{"line":11,"column":1}},"line":5}},"branchMap":{},"s":{"0":12,"1":71},"f":{"0":71},"b":{},"_coverageSchema":"1a1c01bbd47fc00a2c39e90264f33305004495a9","hash":"f69e72df3bddded37a288281ee80e8dbfa4fde92"}
,"/Users/igngarcia/Projects/splitpal/frontend/src/components/Split/index.tsx": {"path":"/Users/igngarcia/Projects/splitpal/frontend/src/components/Split/index.tsx","statementMap":{"0":{"start":{"line":4,"column":21},"end":{"line":7,"column":1}}},"fnMap":{},"branchMap":{},"s":{"0":2},"f":{},"b":{},"_coverageSchema":"1a1c01bbd47fc00a2c39e90264f33305004495a9","hash":"8122051a6f9091a0af499a442e33e4c60dd39d7a"}
,"/Users/igngarcia/Projects/splitpal/frontend/src/components/Split/styles.ts": {"path":"/Users/igngarcia/Projects/splitpal/frontend/src/components/Split/styles.ts","statementMap":{"0":{"start":{"line":3,"column":15},"end":{"line":25,"column":2}}},"fnMap":{},"branchMap":{},"s":{"0":3},"f":{},"b":{},"_coverageSchema":"1a1c01bbd47fc00a2c39e90264f33305004495a9","hash":"8de26824ef68e3e56a8bc6c92b24fdf760fe41bb"}
,"/Users/igngarcia/Projects/splitpal/frontend/src/components/Split/Item/index.tsx": {"path":"/Users/igngarcia/Projects/splitpal/frontend/src/components/Split/Item/index.tsx","statementMap":{"0":{"start":{"line":9,"column":40},"end":{"line":26,"column":1}},"1":{"start":{"line":10,"column":2},"end":{"line":25,"column":4}}},"fnMap":{"0":{"name":"(anonymous_0)","decl":{"start":{"line":9,"column":40},"end":{"line":9,"column":41}},"loc":{"start":{"line":9,"column":62},"end":{"line":26,"column":1}},"line":9}},"branchMap":{"0":{"loc":{"start":{"line":18,"column":15},"end":{"line":18,"column":40}},"type":"binary-expr","locations":[{"start":{"line":18,"column":15},"end":{"line":18,"column":29}},{"start":{"line":18,"column":33},"end":{"line":18,"column":40}}],"line":18}},"s":{"0":3,"1":10},"f":{"0":10},"b":{"0":[10,1]},"_coverageSchema":"1a1c01bbd47fc00a2c39e90264f33305004495a9","hash":"dcabfe362f5638d60c100cb819924eb35c0bdc9a"}
,"/Users/igngarcia/Projects/splitpal/frontend/src/components/Split/List/index.tsx": {"path":"/Users/igngarcia/Projects/splitpal/frontend/src/components/Split/List/index.tsx","statementMap":{"0":{"start":{"line":14,"column":40},"end":{"line":59,"column":1}},"1":{"start":{"line":15,"column":21},"end":{"line":15,"column":48}},"2":{"start":{"line":16,"column":17},"end":{"line":16,"column":57}},"3":{"start":{"line":16,"column":43},"end":{"line":16,"column":56}},"4":{"start":{"line":18,"column":22},"end":{"line":20,"column":3}},"5":{"start":{"line":19,"column":4},"end":{"line":19,"column":51}},"6":{"start":{"line":22,"column":21},"end":{"line":29,"column":3}},"7":{"start":{"line":24,"column":6},"end":{"line":26,"column":25}},"8":{"start":{"line":24,"column":39},"end":{"line":24,"column":56}},"9":{"start":{"line":31,"column":2},"end":{"line":31,"column":32}},"10":{"start":{"line":31,"column":13},"end":{"line":31,"column":32}},"11":{"start":{"line":33,"column":24},"end":{"line":33,"column":132}},"12":{"start":{"line":33,"column":47},"end":{"line":33,"column":131}},"13":{"start":{"line":33,"column":96},"end":{"line":33,"column":130}},"14":{"start":{"line":34,"column":24},"end":{"line":34,"column":133}},"15":{"start":{"line":34,"column":47},"end":{"line":34,"column":132}},"16":{"start":{"line":34,"column":96},"end":{"line":34,"column":131}},"17":{"start":{"line":35,"column":2},"end":{"line":58,"column":4}},"18":{"start":{"line":39,"column":30},"end":{"line":39,"column":37}},"19":{"start":{"line":48,"column":34},"end":{"line":48,"column":41}}},"fnMap":{"0":{"name":"(anonymous_0)","decl":{"start":{"line":14,"column":40},"end":{"line":14,"column":41}},"loc":{"start":{"line":14,"column":54},"end":{"line":59,"column":1}},"line":14},"1":{"name":"(anonymous_1)","decl":{"start":{"line":16,"column":32},"end":{"line":16,"column":33}},"loc":{"start":{"line":16,"column":43},"end":{"line":16,"column":56}},"line":16},"2":{"name":"(anonymous_2)","decl":{"start":{"line":18,"column":22},"end":{"line":18,"column":23}},"loc":{"start":{"line":18,"column":40},"end":{"line":20,"column":3}},"line":18},"3":{"name":"(anonymous_3)","decl":{"start":{"line":23,"column":4},"end":{"line":23,"column":5}},"loc":{"start":{"line":24,"column":6},"end":{"line":26,"column":25}},"line":24},"4":{"name":"(anonymous_4)","decl":{"start":{"line":24,"column":33},"end":{"line":24,"column":34}},"loc":{"start":{"line":24,"column":39},"end":{"line":24,"column":56}},"line":24},"5":{"name":"(anonymous_5)","decl":{"start":{"line":33,"column":36},"end":{"line":33,"column":37}},"loc":{"start":{"line":33,"column":47},"end":{"line":33,"column":131}},"line":33},"6":{"name":"(anonymous_6)","decl":{"start":{"line":33,"column":71},"end":{"line":33,"column":72}},"loc":{"start":{"line":33,"column":96},"end":{"line":33,"column":130}},"line":33},"7":{"name":"(anonymous_7)","decl":{"start":{"line":34,"column":36},"end":{"line":34,"column":37}},"loc":{"start":{"line":34,"column":47},"end":{"line":34,"column":132}},"line":34},"8":{"name":"(anonymous_8)","decl":{"start":{"line":34,"column":71},"end":{"line":34,"column":72}},"loc":{"start":{"line":34,"column":96},"end":{"line":34,"column":131}},"line":34},"9":{"name":"(anonymous_9)","decl":{"start":{"line":39,"column":20},"end":{"line":39,"column":21}},"loc":{"start":{"line":39,"column":30},"end":{"line":39,"column":37}},"line":39},"10":{"name":"(anonymous_10)","decl":{"start":{"line":48,"column":24},"end":{"line":48,"column":25}},"loc":{"start":{"line":48,"column":34},"end":{"line":48,"column":41}},"line":48}},"branchMap":{"0":{"loc":{"start":{"line":31,"column":2},"end":{"line":31,"column":32}},"type":"if","locations":[{"start":{"line":31,"column":2},"end":{"line":31,"column":32}},{"start":{},"end":{}}],"line":31},"1":{"loc":{"start":{"line":33,"column":96},"end":{"line":33,"column":130}},"type":"binary-expr","locations":[{"start":{"line":33,"column":96},"end":{"line":33,"column":115}},{"start":{"line":33,"column":119},"end":{"line":33,"column":130}}],"line":33},"2":{"loc":{"start":{"line":34,"column":96},"end":{"line":34,"column":131}},"type":"binary-expr","locations":[{"start":{"line":34,"column":96},"end":{"line":34,"column":115}},{"start":{"line":34,"column":119},"end":{"line":34,"column":131}}],"line":34}},"s":{"0":3,"1":5,"2":5,"3":10,"4":5,"5":0,"6":5,"7":2,"8":0,"9":5,"10":1,"11":4,"12":2,"13":2,"14":4,"15":2,"16":2,"17":4,"18":2,"19":2},"f":{"0":5,"1":10,"2":0,"3":2,"4":0,"5":2,"6":2,"7":2,"8":2,"9":2,"10":2},"b":{"0":[1,4],"1":[2,2],"2":[2,2]},"_coverageSchema":"1a1c01bbd47fc00a2c39e90264f33305004495a9","hash":"da67373f4718613723d91975ccac561e63bebf53"}
,"/Users/igngarcia/Projects/splitpal/frontend/src/components/Split/Loading/index.tsx": {"path":"/Users/igngarcia/Projects/splitpal/frontend/src/components/Split/Loading/index.tsx","statementMap":{"0":{"start":{"line":6,"column":21},"end":{"line":18,"column":1}},"1":{"start":{"line":7,"column":2},"end":{"line":17,"column":4}}},"fnMap":{"0":{"name":"(anonymous_0)","decl":{"start":{"line":6,"column":21},"end":{"line":6,"column":22}},"loc":{"start":{"line":6,"column":27},"end":{"line":18,"column":1}},"line":6}},"branchMap":{},"s":{"0":3,"1":1},"f":{"0":1},"b":{},"_coverageSchema":"1a1c01bbd47fc00a2c39e90264f33305004495a9","hash":"ee600e693f505238ed81619ae847a4adf90788a8"}
,"/Users/igngarcia/Projects/splitpal/frontend/src/components/Title/index.tsx": {"path":"/Users/igngarcia/Projects/splitpal/frontend/src/components/Title/index.tsx","statementMap":{"0":{"start":{"line":7,"column":32},"end":{"line":13,"column":1}},"1":{"start":{"line":8,"column":2},"end":{"line":12,"column":4}}},"fnMap":{"0":{"name":"(anonymous_0)","decl":{"start":{"line":7,"column":32},"end":{"line":7,"column":33}},"loc":{"start":{"line":7,"column":50},"end":{"line":13,"column":1}},"line":7}},"branchMap":{},"s":{"0":7,"1":35},"f":{"0":35},"b":{},"_coverageSchema":"1a1c01bbd47fc00a2c39e90264f33305004495a9","hash":"cea2e455a8f67848423c91577a3cec8f4a527566"}
,"/Users/igngarcia/Projects/splitpal/frontend/src/components/Title/styles.ts": {"path":"/Users/igngarcia/Projects/splitpal/frontend/src/components/Title/styles.ts","statementMap":{"0":{"start":{"line":3,"column":15},"end":{"line":12,"column":2}}},"fnMap":{},"branchMap":{},"s":{"0":7},"f":{},"b":{},"_coverageSchema":"1a1c01bbd47fc00a2c39e90264f33305004495a9","hash":"e173d881ff67d952e5c432beb9e94aa0341ea9fd"}
,"/Users/igngarcia/Projects/splitpal/frontend/src/components/View/index.tsx": {"path":"/Users/igngarcia/Projects/splitpal/frontend/src/components/View/index.tsx","statementMap":{"0":{"start":{"line":6,"column":34},"end":{"line":14,"column":1}},"1":{"start":{"line":7,"column":17},"end":{"line":7,"column":45}},"2":{"start":{"line":9,"column":2},"end":{"line":13,"column":4}}},"fnMap":{"0":{"name":"(anonymous_0)","decl":{"start":{"line":6,"column":34},"end":{"line":6,"column":35}},"loc":{"start":{"line":6,"column":69},"end":{"line":14,"column":1}},"line":6}},"branchMap":{},"s":{"0":9,"1":50,"2":50},"f":{"0":50},"b":{},"_coverageSchema":"1a1c01bbd47fc00a2c39e90264f33305004495a9","hash":"2220fc6bb3704f1f8952261565b705d4278176ee"}
,"/Users/igngarcia/Projects/splitpal/frontend/src/components/View/styles.ts": {"path":"/Users/igngarcia/Projects/splitpal/frontend/src/components/View/styles.ts","statementMap":{"0":{"start":{"line":4,"column":20},"end":{"line":10,"column":4}},"1":{"start":{"line":5,"column":2},"end":{"line":10,"column":4}}},"fnMap":{"0":{"name":"(anonymous_0)","decl":{"start":{"line":4,"column":20},"end":{"line":4,"column":21}},"loc":{"start":{"line":5,"column":2},"end":{"line":10,"column":4}},"line":5}},"branchMap":{},"s":{"0":9,"1":47},"f":{"0":47},"b":{},"_coverageSchema":"1a1c01bbd47fc00a2c39e90264f33305004495a9","hash":"f23316d77235ed86bbe865ea9c3346098e042928"}
,"/Users/igngarcia/Projects/splitpal/frontend/src/features/account/Feed/ViewModel.ts": {"path":"/Users/igngarcia/Projects/splitpal/frontend/src/features/account/Feed/ViewModel.ts","statementMap":{"0":{"start":{"line":3,"column":25},"end":{"line":12,"column":1}},"1":{"start":{"line":4,"column":30},"end":{"line":4,"column":43}},"2":{"start":{"line":6,"column":2},"end":{"line":11,"column":4}}},"fnMap":{"0":{"name":"(anonymous_0)","decl":{"start":{"line":3,"column":25},"end":{"line":3,"column":26}},"loc":{"start":{"line":3,"column":31},"end":{"line":12,"column":1}},"line":3}},"branchMap":{},"s":{"0":1,"1":0,"2":0},"f":{"0":0},"b":{},"_coverageSchema":"1a1c01bbd47fc00a2c39e90264f33305004495a9","hash":"6915bddbcc30a16720bb8db2021caa9f48721a7a"}
,"/Users/igngarcia/Projects/splitpal/frontend/src/features/account/Feed/index.tsx": {"path":"/Users/igngarcia/Projects/splitpal/frontend/src/features/account/Feed/index.tsx","statementMap":{"0":{"start":{"line":7,"column":13},"end":{"line":19,"column":1}},"1":{"start":{"line":8,"column":20},"end":{"line":8,"column":38}},"2":{"start":{"line":9,"column":2},"end":{"line":18,"column":4}}},"fnMap":{"0":{"name":"(anonymous_0)","decl":{"start":{"line":7,"column":13},"end":{"line":7,"column":14}},"loc":{"start":{"line":7,"column":19},"end":{"line":19,"column":1}},"line":7}},"branchMap":{},"s":{"0":1,"1":2,"2":2},"f":{"0":2},"b":{},"_coverageSchema":"1a1c01bbd47fc00a2c39e90264f33305004495a9","hash":"747d573eda55ec0032a864e0f6cae0bd10d1350f"}
,"/Users/igngarcia/Projects/splitpal/frontend/src/features/account/MyData/ViewModel.ts": {"path":"/Users/igngarcia/Projects/splitpal/frontend/src/features/account/MyData/ViewModel.ts","statementMap":{"0":{"start":{"line":7,"column":27},"end":{"line":34,"column":1}},"1":{"start":{"line":8,"column":15},"end":{"line":8,"column":52}},"2":{"start":{"line":8,"column":41},"end":{"line":8,"column":51}},"3":{"start":{"line":9,"column":27},"end":{"line":9,"column":43}},"4":{"start":{"line":11,"column":23},"end":{"line":20,"column":3}},"5":{"start":{"line":12,"column":24},"end":{"line":15,"column":6}},"6":{"start":{"line":16,"column":4},"end":{"line":16,"column":29}},"7":{"start":{"line":17,"column":4},"end":{"line":17,"column":94}},"8":{"start":{"line":17,"column":30},"end":{"line":17,"column":94}},"9":{"start":{"line":19,"column":4},"end":{"line":19,"column":82}},"10":{"start":{"line":22,"column":2},"end":{"line":33,"column":4}}},"fnMap":{"0":{"name":"(anonymous_0)","decl":{"start":{"line":7,"column":27},"end":{"line":7,"column":28}},"loc":{"start":{"line":7,"column":33},"end":{"line":34,"column":1}},"line":7},"1":{"name":"(anonymous_1)","decl":{"start":{"line":8,"column":30},"end":{"line":8,"column":31}},"loc":{"start":{"line":8,"column":41},"end":{"line":8,"column":51}},"line":8},"2":{"name":"(anonymous_2)","decl":{"start":{"line":11,"column":23},"end":{"line":11,"column":24}},"loc":{"start":{"line":11,"column":52},"end":{"line":20,"column":3}},"line":11}},"branchMap":{"0":{"loc":{"start":{"line":17,"column":4},"end":{"line":17,"column":94}},"type":"if","locations":[{"start":{"line":17,"column":4},"end":{"line":17,"column":94}},{"start":{},"end":{}}],"line":17}},"s":{"0":1,"1":0,"2":0,"3":0,"4":0,"5":0,"6":0,"7":0,"8":0,"9":0,"10":0},"f":{"0":0,"1":0,"2":0},"b":{"0":[0,0]},"_coverageSchema":"1a1c01bbd47fc00a2c39e90264f33305004495a9","hash":"d77168128f4582a22f455924d78348e9e59779d0"}
,"/Users/igngarcia/Projects/splitpal/frontend/src/features/account/MyData/index.tsx": {"path":"/Users/igngarcia/Projects/splitpal/frontend/src/features/account/MyData/index.tsx","statementMap":{"0":{"start":{"line":11,"column":25},"end":{"line":34,"column":1}},"1":{"start":{"line":12,"column":30},"end":{"line":12,"column":50}},"2":{"start":{"line":13,"column":2},"end":{"line":33,"column":4}},"3":{"start":{"line":19,"column":74},"end":{"line":19,"column":103}},"4":{"start":{"line":21,"column":12},"end":{"line":28,"column":21}},"5":{"start":{"line":25,"column":54},"end":{"line":25,"column":68}}},"fnMap":{"0":{"name":"(anonymous_0)","decl":{"start":{"line":11,"column":25},"end":{"line":11,"column":26}},"loc":{"start":{"line":11,"column":31},"end":{"line":34,"column":1}},"line":11},"1":{"name":"(anonymous_1)","decl":{"start":{"line":19,"column":62},"end":{"line":19,"column":63}},"loc":{"start":{"line":19,"column":74},"end":{"line":19,"column":103}},"line":19},"2":{"name":"(anonymous_2)","decl":{"start":{"line":20,"column":11},"end":{"line":20,"column":12}},"loc":{"start":{"line":21,"column":12},"end":{"line":28,"column":21}},"line":21},"3":{"name":"(anonymous_3)","decl":{"start":{"line":25,"column":48},"end":{"line":25,"column":49}},"loc":{"start":{"line":25,"column":54},"end":{"line":25,"column":68}},"line":25}},"branchMap":{},"s":{"0":1,"1":3,"2":3,"3":1,"4":9,"5":2},"f":{"0":3,"1":1,"2":9,"3":2},"b":{},"_coverageSchema":"1a1c01bbd47fc00a2c39e90264f33305004495a9","hash":"f7ecd3731505e1b7ec36f9104cfc38ce1d58903e"}
,"/Users/igngarcia/Projects/splitpal/frontend/src/features/auth/LoginScreen/ViewModel.ts": {"path":"/Users/igngarcia/Projects/splitpal/frontend/src/features/auth/LoginScreen/ViewModel.ts","statementMap":{"0":{"start":{"line":11,"column":26},"end":{"line":53,"column":1}},"1":{"start":{"line":12,"column":21},"end":{"line":12,"column":48}},"2":{"start":{"line":13,"column":19},"end":{"line":13,"column":35}},"3":{"start":{"line":14,"column":20},"end":{"line":14,"column":32}},"4":{"start":{"line":15,"column":20},"end":{"line":15,"column":36}},"5":{"start":{"line":17,"column":42},"end":{"line":17,"column":56}},"6":{"start":{"line":19,"column":35},"end":{"line":21,"column":3}},"7":{"start":{"line":20,"column":4},"end":{"line":20,"column":37}},"8":{"start":{"line":20,"column":30},"end":{"line":20,"column":35}},"9":{"start":{"line":23,"column":22},"end":{"line":33,"column":3}},"10":{"start":{"line":24,"column":25},"end":{"line":24,"column":54}},"11":{"start":{"line":25,"column":4},"end":{"line":27,"column":5}},"12":{"start":{"line":26,"column":6},"end":{"line":26,"column":49}},"13":{"start":{"line":29,"column":4},"end":{"line":29,"column":41}},"14":{"start":{"line":30,"column":4},"end":{"line":30,"column":33}},"15":{"start":{"line":31,"column":4},"end":{"line":31,"column":39}},"16":{"start":{"line":32,"column":4},"end":{"line":32,"column":31}},"17":{"start":{"line":35,"column":29},"end":{"line":37,"column":3}},"18":{"start":{"line":36,"column":4},"end":{"line":36,"column":42}},"19":{"start":{"line":39,"column":2},"end":{"line":52,"column":4}}},"fnMap":{"0":{"name":"(anonymous_0)","decl":{"start":{"line":11,"column":26},"end":{"line":11,"column":27}},"loc":{"start":{"line":11,"column":32},"end":{"line":53,"column":1}},"line":11},"1":{"name":"(anonymous_1)","decl":{"start":{"line":19,"column":35},"end":{"line":19,"column":36}},"loc":{"start":{"line":19,"column":41},"end":{"line":21,"column":3}},"line":19},"2":{"name":"(anonymous_2)","decl":{"start":{"line":20,"column":20},"end":{"line":20,"column":21}},"loc":{"start":{"line":20,"column":30},"end":{"line":20,"column":35}},"line":20},"3":{"name":"(anonymous_3)","decl":{"start":{"line":23,"column":22},"end":{"line":23,"column":23}},"loc":{"start":{"line":23,"column":55},"end":{"line":33,"column":3}},"line":23},"4":{"name":"(anonymous_4)","decl":{"start":{"line":35,"column":29},"end":{"line":35,"column":30}},"loc":{"start":{"line":35,"column":35},"end":{"line":37,"column":3}},"line":35}},"branchMap":{"0":{"loc":{"start":{"line":25,"column":4},"end":{"line":27,"column":5}},"type":"if","locations":[{"start":{"line":25,"column":4},"end":{"line":27,"column":5}},{"start":{},"end":{}}],"line":25}},"s":{"0":1,"1":0,"2":0,"3":0,"4":0,"5":0,"6":0,"7":0,"8":0,"9":0,"10":0,"11":0,"12":0,"13":0,"14":0,"15":0,"16":0,"17":0,"18":0,"19":0},"f":{"0":0,"1":0,"2":0,"3":0,"4":0},"b":{"0":[0,0]},"_coverageSchema":"1a1c01bbd47fc00a2c39e90264f33305004495a9","hash":"b759a7c95737d422ad2265724852aaef143ddc5c"}
,"/Users/igngarcia/Projects/splitpal/frontend/src/features/auth/LoginScreen/index.tsx": {"path":"/Users/igngarcia/Projects/splitpal/frontend/src/features/auth/LoginScreen/index.tsx","statementMap":{"0":{"start":{"line":12,"column":20},"end":{"line":40,"column":1}},"1":{"start":{"line":13,"column":17},"end":{"line":13,"column":44}},"2":{"start":{"line":14,"column":30},"end":{"line":14,"column":49}},"3":{"start":{"line":15,"column":2},"end":{"line":39,"column":4}},"4":{"start":{"line":19,"column":107},"end":{"line":19,"column":142}},"5":{"start":{"line":21,"column":10},"end":{"line":35,"column":27}},"6":{"start":{"line":29,"column":52},"end":{"line":29,"column":66}}},"fnMap":{"0":{"name":"(anonymous_0)","decl":{"start":{"line":12,"column":20},"end":{"line":12,"column":21}},"loc":{"start":{"line":12,"column":26},"end":{"line":40,"column":1}},"line":12},"1":{"name":"(anonymous_1)","decl":{"start":{"line":19,"column":95},"end":{"line":19,"column":96}},"loc":{"start":{"line":19,"column":107},"end":{"line":19,"column":142}},"line":19},"2":{"name":"(anonymous_2)","decl":{"start":{"line":20,"column":9},"end":{"line":20,"column":10}},"loc":{"start":{"line":21,"column":10},"end":{"line":35,"column":27}},"line":21},"3":{"name":"(anonymous_3)","decl":{"start":{"line":29,"column":46},"end":{"line":29,"column":47}},"loc":{"start":{"line":29,"column":52},"end":{"line":29,"column":66}},"line":29}},"branchMap":{},"s":{"0":1,"1":4,"2":4,"3":4,"4":1,"5":10,"6":2},"f":{"0":4,"1":1,"2":10,"3":2},"b":{},"_coverageSchema":"1a1c01bbd47fc00a2c39e90264f33305004495a9","hash":"f8ea8e5a08be903eb24965c41fc35e89731565d5"}
,"/Users/igngarcia/Projects/splitpal/frontend/src/features/auth/LoginScreen/styles.ts": {"path":"/Users/igngarcia/Projects/splitpal/frontend/src/features/auth/LoginScreen/styles.ts","statementMap":{"0":{"start":{"line":4,"column":26},"end":{"line":4,"column":50}},"1":{"start":{"line":6,"column":19},"end":{"line":21,"column":4}},"2":{"start":{"line":7,"column":2},"end":{"line":21,"column":4}}},"fnMap":{"0":{"name":"(anonymous_0)","decl":{"start":{"line":6,"column":19},"end":{"line":6,"column":20}},"loc":{"start":{"line":7,"column":2},"end":{"line":21,"column":4}},"line":7}},"branchMap":{},"s":{"0":1,"1":1,"2":4},"f":{"0":4},"b":{},"_coverageSchema":"1a1c01bbd47fc00a2c39e90264f33305004495a9","hash":"dd6930270dc3d0419e3c53208c20228feee9fc16"}
,"/Users/igngarcia/Projects/splitpal/frontend/src/features/auth/RegisterScreen/ViewModel.ts": {"path":"/Users/igngarcia/Projects/splitpal/frontend/src/features/auth/RegisterScreen/ViewModel.ts","statementMap":{"0":{"start":{"line":9,"column":29},"end":{"line":43,"column":1}},"1":{"start":{"line":10,"column":21},"end":{"line":10,"column":48}},"2":{"start":{"line":11,"column":26},"end":{"line":11,"column":49}},"3":{"start":{"line":12,"column":23},"end":{"line":12,"column":39}},"4":{"start":{"line":14,"column":35},"end":{"line":16,"column":3}},"5":{"start":{"line":15,"column":4},"end":{"line":15,"column":29}},"6":{"start":{"line":15,"column":22},"end":{"line":15,"column":27}},"7":{"start":{"line":18,"column":26},"end":{"line":18,"column":66}},"8":{"start":{"line":18,"column":32},"end":{"line":18,"column":66}},"9":{"start":{"line":20,"column":23},"end":{"line":26,"column":3}},"10":{"start":{"line":21,"column":21},"end":{"line":21,"column":89}},"11":{"start":{"line":22,"column":4},"end":{"line":22,"column":79}},"12":{"start":{"line":22,"column":27},"end":{"line":22,"column":79}},"13":{"start":{"line":24,"column":4},"end":{"line":24,"column":52}},"14":{"start":{"line":25,"column":4},"end":{"line":25,"column":24}},"15":{"start":{"line":28,"column":2},"end":{"line":42,"column":4}}},"fnMap":{"0":{"name":"(anonymous_0)","decl":{"start":{"line":9,"column":29},"end":{"line":9,"column":30}},"loc":{"start":{"line":9,"column":35},"end":{"line":43,"column":1}},"line":9},"1":{"name":"(anonymous_1)","decl":{"start":{"line":14,"column":35},"end":{"line":14,"column":36}},"loc":{"start":{"line":14,"column":41},"end":{"line":16,"column":3}},"line":14},"2":{"name":"(anonymous_2)","decl":{"start":{"line":15,"column":12},"end":{"line":15,"column":13}},"loc":{"start":{"line":15,"column":22},"end":{"line":15,"column":27}},"line":15},"3":{"name":"(anonymous_3)","decl":{"start":{"line":18,"column":26},"end":{"line":18,"column":27}},"loc":{"start":{"line":18,"column":32},"end":{"line":18,"column":66}},"line":18},"4":{"name":"(anonymous_4)","decl":{"start":{"line":20,"column":23},"end":{"line":20,"column":24}},"loc":{"start":{"line":20,"column":52},"end":{"line":26,"column":3}},"line":20}},"branchMap":{"0":{"loc":{"start":{"line":22,"column":4},"end":{"line":22,"column":79}},"type":"if","locations":[{"start":{"line":22,"column":4},"end":{"line":22,"column":79}},{"start":{},"end":{}}],"line":22}},"s":{"0":1,"1":0,"2":0,"3":0,"4":0,"5":0,"6":0,"7":0,"8":0,"9":0,"10":0,"11":0,"12":0,"13":0,"14":0,"15":0},"f":{"0":0,"1":0,"2":0,"3":0,"4":0},"b":{"0":[0,0]},"_coverageSchema":"1a1c01bbd47fc00a2c39e90264f33305004495a9","hash":"67a2bc887a85fd0e6dc5875b2571029fa04ad5cc"}
,"/Users/igngarcia/Projects/splitpal/frontend/src/features/auth/RegisterScreen/index.tsx": {"path":"/Users/igngarcia/Projects/splitpal/frontend/src/features/auth/RegisterScreen/index.tsx","statementMap":{"0":{"start":{"line":13,"column":23},"end":{"line":48,"column":1}},"1":{"start":{"line":14,"column":17},"end":{"line":14,"column":44}},"2":{"start":{"line":15,"column":50},"end":{"line":15,"column":72}},"3":{"start":{"line":16,"column":2},"end":{"line":47,"column":4}},"4":{"start":{"line":20,"column":103},"end":{"line":20,"column":139}},"5":{"start":{"line":22,"column":10},"end":{"line":43,"column":27}},"6":{"start":{"line":39,"column":52},"end":{"line":39,"column":66}}},"fnMap":{"0":{"name":"(anonymous_0)","decl":{"start":{"line":13,"column":23},"end":{"line":13,"column":24}},"loc":{"start":{"line":13,"column":29},"end":{"line":48,"column":1}},"line":13},"1":{"name":"(anonymous_1)","decl":{"start":{"line":20,"column":91},"end":{"line":20,"column":92}},"loc":{"start":{"line":20,"column":103},"end":{"line":20,"column":139}},"line":20},"2":{"name":"(anonymous_2)","decl":{"start":{"line":21,"column":9},"end":{"line":21,"column":10}},"loc":{"start":{"line":22,"column":10},"end":{"line":43,"column":27}},"line":22},"3":{"name":"(anonymous_3)","decl":{"start":{"line":39,"column":46},"end":{"line":39,"column":47}},"loc":{"start":{"line":39,"column":52},"end":{"line":39,"column":66}},"line":39}},"branchMap":{"0":{"loc":{"start":{"line":24,"column":13},"end":{"line":24,"column":72}},"type":"binary-expr","locations":[{"start":{"line":24,"column":13},"end":{"line":24,"column":28}},{"start":{"line":24,"column":32},"end":{"line":24,"column":72}}],"line":24},"1":{"loc":{"start":{"line":31,"column":13},"end":{"line":31,"column":72}},"type":"binary-expr","locations":[{"start":{"line":31,"column":13},"end":{"line":31,"column":28}},{"start":{"line":31,"column":32},"end":{"line":31,"column":72}}],"line":31},"2":{"loc":{"start":{"line":38,"column":13},"end":{"line":38,"column":80}},"type":"binary-expr","locations":[{"start":{"line":38,"column":13},"end":{"line":38,"column":32}},{"start":{"line":38,"column":36},"end":{"line":38,"column":80}}],"line":38}},"s":{"0":1,"1":4,"2":4,"3":4,"4":1,"5":10,"6":2},"f":{"0":4,"1":1,"2":10,"3":2},"b":{"0":[10,2],"1":[10,2],"2":[10,2]},"_coverageSchema":"1a1c01bbd47fc00a2c39e90264f33305004495a9","hash":"cd834fb294b25a82fa759e780d1a8fc516d6435a"}
,"/Users/igngarcia/Projects/splitpal/frontend/src/features/auth/RegisterScreen/styles.ts": {"path":"/Users/igngarcia/Projects/splitpal/frontend/src/features/auth/RegisterScreen/styles.ts","statementMap":{"0":{"start":{"line":4,"column":26},"end":{"line":4,"column":50}},"1":{"start":{"line":6,"column":20},"end":{"line":21,"column":4}},"2":{"start":{"line":7,"column":2},"end":{"line":21,"column":4}}},"fnMap":{"0":{"name":"(anonymous_0)","decl":{"start":{"line":6,"column":20},"end":{"line":6,"column":21}},"loc":{"start":{"line":7,"column":2},"end":{"line":21,"column":4}},"line":7}},"branchMap":{},"s":{"0":1,"1":1,"2":4},"f":{"0":4},"b":{},"_coverageSchema":"1a1c01bbd47fc00a2c39e90264f33305004495a9","hash":"5a4fa3e225d5c64f4e25a3cd76c864ae6faaa583"}
,"/Users/igngarcia/Projects/splitpal/frontend/src/features/auth/components/UserInput/index.tsx": {"path":"/Users/igngarcia/Projects/splitpal/frontend/src/features/auth/components/UserInput/index.tsx","statementMap":{"0":{"start":{"line":6,"column":25},"end":{"line":11,"column":1}}},"fnMap":{},"branchMap":{},"s":{"0":3},"f":{},"b":{},"_coverageSchema":"1a1c01bbd47fc00a2c39e90264f33305004495a9","hash":"965f5c7dc819b4cc183f4bcb68aae2e1b035d822"}
,"/Users/igngarcia/Projects/splitpal/frontend/src/features/auth/components/UserInput/Confirmation/index.tsx": {"path":"/Users/igngarcia/Projects/splitpal/frontend/src/features/auth/components/UserInput/Confirmation/index.tsx","statementMap":{"0":{"start":{"line":6,"column":62},"end":{"line":16,"column":1}},"1":{"start":{"line":7,"column":2},"end":{"line":15,"column":4}}},"fnMap":{"0":{"name":"(anonymous_0)","decl":{"start":{"line":6,"column":62},"end":{"line":6,"column":63}},"loc":{"start":{"line":6,"column":114},"end":{"line":16,"column":1}},"line":6}},"branchMap":{"0":{"loc":{"start":{"line":13,"column":61},"end":{"line":13,"column":88}},"type":"cond-expr","locations":[{"start":{"line":13,"column":71},"end":{"line":13,"column":76}},{"start":{"line":13,"column":79},"end":{"line":13,"column":88}}],"line":13}},"s":{"0":3,"1":16},"f":{"0":16},"b":{"0":[5,11]},"_coverageSchema":"1a1c01bbd47fc00a2c39e90264f33305004495a9","hash":"b4a532ea22fb712a510d916369ee49cca7a1014b"}
,"/Users/igngarcia/Projects/splitpal/frontend/src/features/auth/components/UserInput/Email/index.tsx": {"path":"/Users/igngarcia/Projects/splitpal/frontend/src/features/auth/components/UserInput/Email/index.tsx","statementMap":{"0":{"start":{"line":5,"column":44},"end":{"line":7,"column":1}},"1":{"start":{"line":6,"column":2},"end":{"line":6,"column":71}}},"fnMap":{"0":{"name":"(anonymous_0)","decl":{"start":{"line":5,"column":44},"end":{"line":5,"column":45}},"loc":{"start":{"line":5,"column":69},"end":{"line":7,"column":1}},"line":5}},"branchMap":{},"s":{"0":3,"1":23},"f":{"0":23},"b":{},"_coverageSchema":"1a1c01bbd47fc00a2c39e90264f33305004495a9","hash":"81122065ba017eb05c4caa115bb74316355a4c4e"}
,"/Users/igngarcia/Projects/splitpal/frontend/src/features/auth/components/UserInput/Pasword/index.tsx": {"path":"/Users/igngarcia/Projects/splitpal/frontend/src/features/auth/components/UserInput/Pasword/index.tsx","statementMap":{"0":{"start":{"line":6,"column":50},"end":{"line":16,"column":1}},"1":{"start":{"line":7,"column":2},"end":{"line":15,"column":4}}},"fnMap":{"0":{"name":"(anonymous_0)","decl":{"start":{"line":6,"column":50},"end":{"line":6,"column":51}},"loc":{"start":{"line":6,"column":102},"end":{"line":16,"column":1}},"line":6}},"branchMap":{"0":{"loc":{"start":{"line":13,"column":61},"end":{"line":13,"column":88}},"type":"cond-expr","locations":[{"start":{"line":13,"column":71},"end":{"line":13,"column":76}},{"start":{"line":13,"column":79},"end":{"line":13,"column":88}}],"line":13}},"s":{"0":3,"1":26},"f":{"0":26},"b":{"0":[15,11]},"_coverageSchema":"1a1c01bbd47fc00a2c39e90264f33305004495a9","hash":"c0cea31b18100b0123c693865454a6388ae877b0"}
,"/Users/igngarcia/Projects/splitpal/frontend/src/features/auth/components/UserInput/Root/index.tsx": {"path":"/Users/igngarcia/Projects/splitpal/frontend/src/features/auth/components/UserInput/Root/index.tsx","statementMap":{"0":{"start":{"line":5,"column":38},"end":{"line":11,"column":1}},"1":{"start":{"line":6,"column":2},"end":{"line":10,"column":4}}},"fnMap":{"0":{"name":"(anonymous_0)","decl":{"start":{"line":5,"column":38},"end":{"line":5,"column":39}},"loc":{"start":{"line":5,"column":56},"end":{"line":11,"column":1}},"line":5}},"branchMap":{},"s":{"0":3,"1":21},"f":{"0":21},"b":{},"_coverageSchema":"1a1c01bbd47fc00a2c39e90264f33305004495a9","hash":"0afa92835fabbb63f39b8d21fc595be7936af702"}
,"/Users/igngarcia/Projects/splitpal/frontend/src/features/split/CreateSplit/ViewModel.ts": {"path":"/Users/igngarcia/Projects/splitpal/frontend/src/features/split/CreateSplit/ViewModel.ts","statementMap":{"0":{"start":{"line":8,"column":32},"end":{"line":38,"column":1}},"1":{"start":{"line":9,"column":21},"end":{"line":9,"column":38}},"2":{"start":{"line":10,"column":19},"end":{"line":10,"column":31}},"3":{"start":{"line":11,"column":42},"end":{"line":11,"column":57}},"4":{"start":{"line":13,"column":23},"end":{"line":21,"column":3}},"5":{"start":{"line":14,"column":19},"end":{"line":14,"column":35}},"6":{"start":{"line":15,"column":4},"end":{"line":15,"column":24}},"7":{"start":{"line":15,"column":17},"end":{"line":15,"column":24}},"8":{"start":{"line":17,"column":25},"end":{"line":17,"column":89}},"9":{"start":{"line":18,"column":4},"end":{"line":18,"column":95}},"10":{"start":{"line":18,"column":31},"end":{"line":18,"column":95}},"11":{"start":{"line":20,"column":4},"end":{"line":20,"column":75}},"12":{"start":{"line":23,"column":2},"end":{"line":37,"column":4}}},"fnMap":{"0":{"name":"(anonymous_0)","decl":{"start":{"line":8,"column":32},"end":{"line":8,"column":33}},"loc":{"start":{"line":8,"column":38},"end":{"line":38,"column":1}},"line":8},"1":{"name":"(anonymous_1)","decl":{"start":{"line":13,"column":23},"end":{"line":13,"column":24}},"loc":{"start":{"line":13,"column":51},"end":{"line":21,"column":3}},"line":13}},"branchMap":{"0":{"loc":{"start":{"line":15,"column":4},"end":{"line":15,"column":24}},"type":"if","locations":[{"start":{"line":15,"column":4},"end":{"line":15,"column":24}},{"start":{},"end":{}}],"line":15},"1":{"loc":{"start":{"line":18,"column":4},"end":{"line":18,"column":95}},"type":"if","locations":[{"start":{"line":18,"column":4},"end":{"line":18,"column":95}},{"start":{},"end":{}}],"line":18}},"s":{"0":1,"1":0,"2":0,"3":0,"4":0,"5":0,"6":0,"7":0,"8":0,"9":0,"10":0,"11":0,"12":0},"f":{"0":0,"1":0},"b":{"0":[0,0],"1":[0,0]},"_coverageSchema":"1a1c01bbd47fc00a2c39e90264f33305004495a9","hash":"3f3941002de6481ffb577c12b607968b675e1a79"}
,"/Users/igngarcia/Projects/splitpal/frontend/src/features/split/CreateSplit/index.tsx": {"path":"/Users/igngarcia/Projects/splitpal/frontend/src/features/split/CreateSplit/index.tsx","statementMap":{"0":{"start":{"line":15,"column":20},"end":{"line":44,"column":1}},"1":{"start":{"line":16,"column":30},"end":{"line":16,"column":55}},"2":{"start":{"line":17,"column":2},"end":{"line":43,"column":4}},"3":{"start":{"line":23,"column":109},"end":{"line":23,"column":138}},"4":{"start":{"line":25,"column":12},"end":{"line":36,"column":19}},"5":{"start":{"line":33,"column":54},"end":{"line":33,"column":68}},"6":{"start":{"line":39,"column":31},"end":{"line":39,"column":61}}},"fnMap":{"0":{"name":"(anonymous_0)","decl":{"start":{"line":15,"column":20},"end":{"line":15,"column":21}},"loc":{"start":{"line":15,"column":26},"end":{"line":44,"column":1}},"line":15},"1":{"name":"(anonymous_1)","decl":{"start":{"line":23,"column":97},"end":{"line":23,"column":98}},"loc":{"start":{"line":23,"column":109},"end":{"line":23,"column":138}},"line":23},"2":{"name":"(anonymous_2)","decl":{"start":{"line":24,"column":11},"end":{"line":24,"column":12}},"loc":{"start":{"line":25,"column":12},"end":{"line":36,"column":19}},"line":25},"3":{"name":"(anonymous_3)","decl":{"start":{"line":33,"column":48},"end":{"line":33,"column":49}},"loc":{"start":{"line":33,"column":54},"end":{"line":33,"column":68}},"line":33},"4":{"name":"(anonymous_4)","decl":{"start":{"line":39,"column":25},"end":{"line":39,"column":26}},"loc":{"start":{"line":39,"column":31},"end":{"line":39,"column":61}},"line":39}},"branchMap":{"0":{"loc":{"start":{"line":27,"column":15},"end":{"line":27,"column":66}},"type":"binary-expr","locations":[{"start":{"line":27,"column":15},"end":{"line":27,"column":26}},{"start":{"line":27,"column":30},"end":{"line":27,"column":66}}],"line":27},"1":{"loc":{"start":{"line":30,"column":15},"end":{"line":30,"column":68}},"type":"binary-expr","locations":[{"start":{"line":30,"column":15},"end":{"line":30,"column":27}},{"start":{"line":30,"column":31},"end":{"line":30,"column":68}}],"line":30},"2":{"loc":{"start":{"line":32,"column":15},"end":{"line":32,"column":70}},"type":"binary-expr","locations":[{"start":{"line":32,"column":15},"end":{"line":32,"column":28}},{"start":{"line":32,"column":32},"end":{"line":32,"column":70}}],"line":32}},"s":{"0":1,"1":7,"2":7,"3":1,"4":12,"5":2,"6":1},"f":{"0":7,"1":1,"2":12,"3":2,"4":1},"b":{"0":[12,2],"1":[12,2],"2":[12,2]},"_coverageSchema":"1a1c01bbd47fc00a2c39e90264f33305004495a9","hash":"ceedde57cbfe21f179b21c77b92313ba884f6aa8"}
,"/Users/igngarcia/Projects/splitpal/frontend/src/features/split/CreateSplit/styles.ts": {"path":"/Users/igngarcia/Projects/splitpal/frontend/src/features/split/CreateSplit/styles.ts","statementMap":{"0":{"start":{"line":3,"column":15},"end":{"line":11,"column":2}}},"fnMap":{},"branchMap":{},"s":{"0":1},"f":{},"b":{},"_coverageSchema":"1a1c01bbd47fc00a2c39e90264f33305004495a9","hash":"f1cfa5cc1da1447e45345c3079f764b46b6d3326"}
,"/Users/igngarcia/Projects/splitpal/frontend/src/features/split/SplitDetails/ViewModel.ts": {"path":"/Users/igngarcia/Projects/splitpal/frontend/src/features/split/SplitDetails/ViewModel.ts","statementMap":{"0":{"start":{"line":6,"column":33},"end":{"line":27,"column":1}},"1":{"start":{"line":7,"column":20},"end":{"line":7,"column":62}},"2":{"start":{"line":8,"column":61},"end":{"line":8,"column":96}},"3":{"start":{"line":9,"column":42},"end":{"line":9,"column":66}},"4":{"start":{"line":11,"column":20},"end":{"line":11,"column":47}},"5":{"start":{"line":11,"column":26},"end":{"line":11,"column":47}},"6":{"start":{"line":13,"column":2},"end":{"line":26,"column":4}}},"fnMap":{"0":{"name":"(anonymous_0)","decl":{"start":{"line":6,"column":33},"end":{"line":6,"column":34}},"loc":{"start":{"line":6,"column":39},"end":{"line":27,"column":1}},"line":6},"1":{"name":"(anonymous_1)","decl":{"start":{"line":11,"column":20},"end":{"line":11,"column":21}},"loc":{"start":{"line":11,"column":26},"end":{"line":11,"column":47}},"line":11}},"branchMap":{},"s":{"0":1,"1":0,"2":0,"3":0,"4":0,"5":0,"6":0},"f":{"0":0,"1":0},"b":{},"_coverageSchema":"1a1c01bbd47fc00a2c39e90264f33305004495a9","hash":"98cbb008fdedf12662b1127ca7cf9dfd121a8755"}
,"/Users/igngarcia/Projects/splitpal/frontend/src/features/split/SplitDetails/index.tsx": {"path":"/Users/igngarcia/Projects/splitpal/frontend/src/features/split/SplitDetails/index.tsx","statementMap":{"0":{"start":{"line":13,"column":21},"end":{"line":32,"column":1}},"1":{"start":{"line":14,"column":39},"end":{"line":14,"column":65}},"2":{"start":{"line":15,"column":2},"end":{"line":31,"column":4}}},"fnMap":{"0":{"name":"(anonymous_0)","decl":{"start":{"line":13,"column":21},"end":{"line":13,"column":22}},"loc":{"start":{"line":13,"column":27},"end":{"line":32,"column":1}},"line":13}},"branchMap":{},"s":{"0":1,"1":5,"2":5},"f":{"0":5},"b":{},"_coverageSchema":"1a1c01bbd47fc00a2c39e90264f33305004495a9","hash":"1cba560ee61f4300cb0b1b68d059ec7b01683be0"}
,"/Users/igngarcia/Projects/splitpal/frontend/src/features/split/SplitDetails/styles.ts": {"path":"/Users/igngarcia/Projects/splitpal/frontend/src/features/split/SplitDetails/styles.ts","statementMap":{"0":{"start":{"line":3,"column":15},"end":{"line":15,"column":2}}},"fnMap":{},"branchMap":{},"s":{"0":1},"f":{},"b":{},"_coverageSchema":"1a1c01bbd47fc00a2c39e90264f33305004495a9","hash":"e7d841603f9e00a86c4bd27a9a4b393be82b0767"}
,"/Users/igngarcia/Projects/splitpal/frontend/src/features/split/components/ModalAttachPayment/ViewModel.ts": {"path":"/Users/igngarcia/Projects/splitpal/frontend/src/features/split/components/ModalAttachPayment/ViewModel.ts","statementMap":{"0":{"start":{"line":10,"column":39},"end":{"line":60,"column":1}},"1":{"start":{"line":11,"column":21},"end":{"line":11,"column":40}},"2":{"start":{"line":12,"column":20},"end":{"line":12,"column":62}},"3":{"start":{"line":13,"column":15},"end":{"line":13,"column":52}},"4":{"start":{"line":13,"column":41},"end":{"line":13,"column":51}},"5":{"start":{"line":14,"column":38},"end":{"line":14,"column":90}},"6":{"start":{"line":15,"column":36},"end":{"line":15,"column":57}},"7":{"start":{"line":16,"column":42},"end":{"line":19,"column":4}},"8":{"start":{"line":21,"column":28},"end":{"line":26,"column":3}},"9":{"start":{"line":22,"column":4},"end":{"line":25,"column":7}},"10":{"start":{"line":28,"column":23},"end":{"line":33,"column":3}},"11":{"start":{"line":29,"column":17},"end":{"line":29,"column":100}},"12":{"start":{"line":30,"column":4},"end":{"line":30,"column":30}},"13":{"start":{"line":30,"column":23},"end":{"line":30,"column":30}},"14":{"start":{"line":32,"column":4},"end":{"line":32,"column":34}},"15":{"start":{"line":35,"column":21},"end":{"line":46,"column":3}},"16":{"start":{"line":36,"column":4},"end":{"line":36,"column":28}},"17":{"start":{"line":36,"column":21},"end":{"line":36,"column":28}},"18":{"start":{"line":38,"column":4},"end":{"line":38,"column":23}},"19":{"start":{"line":39,"column":27},"end":{"line":39,"column":127}},"20":{"start":{"line":40,"column":4},"end":{"line":40,"column":24}},"21":{"start":{"line":42,"column":4},"end":{"line":42,"column":74}},"22":{"start":{"line":42,"column":33},"end":{"line":42,"column":74}},"23":{"start":{"line":44,"column":4},"end":{"line":44,"column":22}},"24":{"start":{"line":45,"column":4},"end":{"line":45,"column":50}},"25":{"start":{"line":48,"column":2},"end":{"line":59,"column":4}}},"fnMap":{"0":{"name":"(anonymous_0)","decl":{"start":{"line":10,"column":39},"end":{"line":10,"column":40}},"loc":{"start":{"line":10,"column":45},"end":{"line":60,"column":1}},"line":10},"1":{"name":"(anonymous_1)","decl":{"start":{"line":13,"column":30},"end":{"line":13,"column":31}},"loc":{"start":{"line":13,"column":41},"end":{"line":13,"column":51}},"line":13},"2":{"name":"(anonymous_2)","decl":{"start":{"line":21,"column":28},"end":{"line":21,"column":29}},"loc":{"start":{"line":21,"column":62},"end":{"line":26,"column":3}},"line":21},"3":{"name":"(anonymous_3)","decl":{"start":{"line":28,"column":23},"end":{"line":28,"column":24}},"loc":{"start":{"line":28,"column":35},"end":{"line":33,"column":3}},"line":28},"4":{"name":"(anonymous_4)","decl":{"start":{"line":35,"column":21},"end":{"line":35,"column":22}},"loc":{"start":{"line":35,"column":65},"end":{"line":46,"column":3}},"line":35}},"branchMap":{"0":{"loc":{"start":{"line":24,"column":11},"end":{"line":24,"column":34}},"type":"cond-expr","locations":[{"start":{"line":24,"column":17},"end":{"line":24,"column":30}},{"start":{"line":24,"column":33},"end":{"line":24,"column":34}}],"line":24},"1":{"loc":{"start":{"line":30,"column":4},"end":{"line":30,"column":30}},"type":"if","locations":[{"start":{"line":30,"column":4},"end":{"line":30,"column":30}},{"start":{},"end":{}}],"line":30},"2":{"loc":{"start":{"line":36,"column":4},"end":{"line":36,"column":28}},"type":"if","locations":[{"start":{"line":36,"column":4},"end":{"line":36,"column":28}},{"start":{},"end":{}}],"line":36},"3":{"loc":{"start":{"line":42,"column":4},"end":{"line":42,"column":74}},"type":"if","locations":[{"start":{"line":42,"column":4},"end":{"line":42,"column":74}},{"start":{},"end":{}}],"line":42}},"s":{"0":2,"1":4,"2":4,"3":4,"4":8,"5":4,"6":4,"7":4,"8":4,"9":0,"10":4,"11":0,"12":0,"13":0,"14":0,"15":4,"16":0,"17":0,"18":0,"19":0,"20":0,"21":0,"22":0,"23":0,"24":0,"25":4},"f":{"0":4,"1":8,"2":0,"3":0,"4":0},"b":{"0":[0,0],"1":[0,0],"2":[0,0],"3":[0,0]},"_coverageSchema":"1a1c01bbd47fc00a2c39e90264f33305004495a9","hash":"67729a01440ba11dddec16687b3165fd7e444945"}
,"/Users/igngarcia/Projects/splitpal/frontend/src/features/split/components/ModalAttachPayment/index.tsx": {"path":"/Users/igngarcia/Projects/splitpal/frontend/src/features/split/components/ModalAttachPayment/index.tsx","statementMap":{"0":{"start":{"line":11,"column":45},"end":{"line":46,"column":1}},"1":{"start":{"line":12,"column":17},"end":{"line":12,"column":44}},"2":{"start":{"line":13,"column":30},"end":{"line":13,"column":62}},"3":{"start":{"line":15,"column":2},"end":{"line":45,"column":4}},"4":{"start":{"line":21,"column":8},"end":{"line":21,"column":29}},"5":{"start":{"line":36,"column":27},"end":{"line":36,"column":58}}},"fnMap":{"0":{"name":"(anonymous_0)","decl":{"start":{"line":11,"column":45},"end":{"line":11,"column":46}},"loc":{"start":{"line":11,"column":74},"end":{"line":46,"column":1}},"line":11},"1":{"name":"(anonymous_1)","decl":{"start":{"line":20,"column":17},"end":{"line":20,"column":18}},"loc":{"start":{"line":20,"column":23},"end":{"line":22,"column":7}},"line":20},"2":{"name":"(anonymous_2)","decl":{"start":{"line":36,"column":21},"end":{"line":36,"column":22}},"loc":{"start":{"line":36,"column":27},"end":{"line":36,"column":58}},"line":36}},"branchMap":{"0":{"loc":{"start":{"line":30,"column":15},"end":{"line":30,"column":78}},"type":"cond-expr","locations":[{"start":{"line":30,"column":34},"end":{"line":30,"column":55}},{"start":{"line":30,"column":58},"end":{"line":30,"column":78}}],"line":30},"1":{"loc":{"start":{"line":37,"column":22},"end":{"line":37,"column":70}},"type":"binary-expr","locations":[{"start":{"line":37,"column":22},"end":{"line":37,"column":39}},{"start":{"line":37,"column":43},"end":{"line":37,"column":70}}],"line":37}},"s":{"0":2,"1":9,"2":9,"3":9,"4":0,"5":2},"f":{"0":9,"1":0,"2":2},"b":{"0":[2,7],"1":[9,2]},"_coverageSchema":"1a1c01bbd47fc00a2c39e90264f33305004495a9","hash":"80cb2d6e688d75692a80b11267a6ba06bf853257"}
,"/Users/igngarcia/Projects/splitpal/frontend/src/features/split/components/ModalAttachPayment/styles.ts": {"path":"/Users/igngarcia/Projects/splitpal/frontend/src/features/split/components/ModalAttachPayment/styles.ts","statementMap":{"0":{"start":{"line":4,"column":15},"end":{"line":18,"column":4}},"1":{"start":{"line":5,"column":2},"end":{"line":18,"column":4}}},"fnMap":{"0":{"name":"(anonymous_0)","decl":{"start":{"line":4,"column":15},"end":{"line":4,"column":16}},"loc":{"start":{"line":5,"column":2},"end":{"line":18,"column":4}},"line":5}},"branchMap":{},"s":{"0":2,"1":9},"f":{"0":9},"b":{},"_coverageSchema":"1a1c01bbd47fc00a2c39e90264f33305004495a9","hash":"4c29f36da94bd2b574663f05030a9eea12ab55db"}
,"/Users/igngarcia/Projects/splitpal/frontend/src/features/split/components/ModalJoinSplit/ViewModel.ts": {"path":"/Users/igngarcia/Projects/splitpal/frontend/src/features/split/components/ModalJoinSplit/ViewModel.ts","statementMap":{"0":{"start":{"line":7,"column":35},"end":{"line":39,"column":1}},"1":{"start":{"line":8,"column":17},"end":{"line":8,"column":57}},"2":{"start":{"line":8,"column":43},"end":{"line":8,"column":56}},"3":{"start":{"line":9,"column":36},"end":{"line":9,"column":66}},"4":{"start":{"line":10,"column":26},"end":{"line":10,"column":52}},"5":{"start":{"line":11,"column":19},"end":{"line":11,"column":36}},"6":{"start":{"line":13,"column":27},"end":{"line":15,"column":3}},"7":{"start":{"line":14,"column":4},"end":{"line":14,"column":18}},"8":{"start":{"line":17,"column":21},"end":{"line":28,"column":3}},"9":{"start":{"line":18,"column":4},"end":{"line":18,"column":22}},"10":{"start":{"line":18,"column":15},"end":{"line":18,"column":22}},"11":{"start":{"line":20,"column":4},"end":{"line":20,"column":23}},"12":{"start":{"line":21,"column":26},"end":{"line":21,"column":50}},"13":{"start":{"line":22,"column":4},"end":{"line":22,"column":24}},"14":{"start":{"line":23,"column":4},"end":{"line":23,"column":103}},"15":{"start":{"line":23,"column":32},"end":{"line":23,"column":103}},"16":{"start":{"line":25,"column":4},"end":{"line":25,"column":82}},"17":{"start":{"line":26,"column":4},"end":{"line":26,"column":16}},"18":{"start":{"line":27,"column":4},"end":{"line":27,"column":22}},"19":{"start":{"line":29,"column":2},"end":{"line":38,"column":4}}},"fnMap":{"0":{"name":"(anonymous_0)","decl":{"start":{"line":7,"column":35},"end":{"line":7,"column":36}},"loc":{"start":{"line":7,"column":41},"end":{"line":39,"column":1}},"line":7},"1":{"name":"(anonymous_1)","decl":{"start":{"line":8,"column":32},"end":{"line":8,"column":33}},"loc":{"start":{"line":8,"column":43},"end":{"line":8,"column":56}},"line":8},"2":{"name":"(anonymous_2)","decl":{"start":{"line":13,"column":27},"end":{"line":13,"column":28}},"loc":{"start":{"line":13,"column":45},"end":{"line":15,"column":3}},"line":13},"3":{"name":"(anonymous_3)","decl":{"start":{"line":17,"column":21},"end":{"line":17,"column":22}},"loc":{"start":{"line":17,"column":65},"end":{"line":28,"column":3}},"line":17}},"branchMap":{"0":{"loc":{"start":{"line":18,"column":4},"end":{"line":18,"column":22}},"type":"if","locations":[{"start":{"line":18,"column":4},"end":{"line":18,"column":22}},{"start":{},"end":{}}],"line":18},"1":{"loc":{"start":{"line":23,"column":4},"end":{"line":23,"column":103}},"type":"if","locations":[{"start":{"line":23,"column":4},"end":{"line":23,"column":103}},{"start":{},"end":{}}],"line":23}},"s":{"0":2,"1":6,"2":12,"3":6,"4":6,"5":6,"6":6,"7":0,"8":6,"9":0,"10":0,"11":0,"12":0,"13":0,"14":0,"15":0,"16":0,"17":0,"18":0,"19":6},"f":{"0":6,"1":12,"2":0,"3":0},"b":{"0":[0,0],"1":[0,0]},"_coverageSchema":"1a1c01bbd47fc00a2c39e90264f33305004495a9","hash":"04c3d604a2a69a2a181889afcc045054f8251014"}
,"/Users/igngarcia/Projects/splitpal/frontend/src/features/split/components/ModalJoinSplit/index.tsx": {"path":"/Users/igngarcia/Projects/splitpal/frontend/src/features/split/components/ModalJoinSplit/index.tsx","statementMap":{"0":{"start":{"line":10,"column":41},"end":{"line":34,"column":1}},"1":{"start":{"line":11,"column":17},"end":{"line":11,"column":44}},"2":{"start":{"line":12,"column":30},"end":{"line":12,"column":58}},"3":{"start":{"line":13,"column":2},"end":{"line":33,"column":4}},"4":{"start":{"line":19,"column":8},"end":{"line":19,"column":29}},"5":{"start":{"line":27,"column":50},"end":{"line":27,"column":81}}},"fnMap":{"0":{"name":"(anonymous_0)","decl":{"start":{"line":10,"column":41},"end":{"line":10,"column":42}},"loc":{"start":{"line":10,"column":70},"end":{"line":34,"column":1}},"line":10},"1":{"name":"(anonymous_1)","decl":{"start":{"line":18,"column":17},"end":{"line":18,"column":18}},"loc":{"start":{"line":18,"column":23},"end":{"line":20,"column":7}},"line":18},"2":{"name":"(anonymous_2)","decl":{"start":{"line":27,"column":44},"end":{"line":27,"column":45}},"loc":{"start":{"line":27,"column":50},"end":{"line":27,"column":81}},"line":27}},"branchMap":{},"s":{"0":2,"1":11,"2":11,"3":11,"4":0,"5":1},"f":{"0":11,"1":0,"2":1},"b":{},"_coverageSchema":"1a1c01bbd47fc00a2c39e90264f33305004495a9","hash":"3599705c86c4bfd777ea10e1c2acfcae4be717cf"}
,"/Users/igngarcia/Projects/splitpal/frontend/src/features/split/components/ModalJoinSplit/styles.ts": {"path":"/Users/igngarcia/Projects/splitpal/frontend/src/features/split/components/ModalJoinSplit/styles.ts","statementMap":{"0":{"start":{"line":4,"column":15},"end":{"line":12,"column":4}},"1":{"start":{"line":5,"column":2},"end":{"line":12,"column":4}}},"fnMap":{"0":{"name":"(anonymous_0)","decl":{"start":{"line":4,"column":15},"end":{"line":4,"column":16}},"loc":{"start":{"line":5,"column":2},"end":{"line":12,"column":4}},"line":5}},"branchMap":{},"s":{"0":2,"1":11},"f":{"0":11},"b":{},"_coverageSchema":"1a1c01bbd47fc00a2c39e90264f33305004495a9","hash":"c22db8e1aaecc7bcc5e364dd30b3c96773d4b2e3"}
,"/Users/igngarcia/Projects/splitpal/frontend/src/helpers/DateHelper.ts": {"path":"/Users/igngarcia/Projects/splitpal/frontend/src/helpers/DateHelper.ts","statementMap":{"0":{"start":{"line":3,"column":26},"end":{"line":5,"column":1}},"1":{"start":{"line":4,"column":2},"end":{"line":4,"column":40}}},"fnMap":{"0":{"name":"(anonymous_0)","decl":{"start":{"line":3,"column":26},"end":{"line":3,"column":27}},"loc":{"start":{"line":3,"column":39},"end":{"line":5,"column":1}},"line":3}},"branchMap":{},"s":{"0":2,"1":9},"f":{"0":9},"b":{},"_coverageSchema":"1a1c01bbd47fc00a2c39e90264f33305004495a9","hash":"4cadf503ca885fd50159d5ee9bc5ebbb980f5bdc"}
,"/Users/igngarcia/Projects/splitpal/frontend/src/helpers/ServiceHelper.ts": {"path":"/Users/igngarcia/Projects/splitpal/frontend/src/helpers/ServiceHelper.ts","statementMap":{"0":{"start":{"line":3,"column":34},"end":{"line":7,"column":1}},"1":{"start":{"line":4,"column":2},"end":{"line":6,"column":4}},"2":{"start":{"line":9,"column":23},"end":{"line":11,"column":1}},"3":{"start":{"line":10,"column":2},"end":{"line":10,"column":56}},"4":{"start":{"line":13,"column":33},"end":{"line":18,"column":1}},"5":{"start":{"line":14,"column":2},"end":{"line":14,"column":25}},"6":{"start":{"line":14,"column":15},"end":{"line":14,"column":25}},"7":{"start":{"line":15,"column":2},"end":{"line":17,"column":15}},"8":{"start":{"line":16,"column":18},"end":{"line":16,"column":41}}},"fnMap":{"0":{"name":"(anonymous_0)","decl":{"start":{"line":3,"column":34},"end":{"line":3,"column":35}},"loc":{"start":{"line":3,"column":66},"end":{"line":7,"column":1}},"line":3},"1":{"name":"(anonymous_1)","decl":{"start":{"line":9,"column":23},"end":{"line":9,"column":24}},"loc":{"start":{"line":9,"column":72},"end":{"line":11,"column":1}},"line":9},"2":{"name":"(anonymous_2)","decl":{"start":{"line":13,"column":33},"end":{"line":13,"column":34}},"loc":{"start":{"line":13,"column":97},"end":{"line":18,"column":1}},"line":13},"3":{"name":"(anonymous_3)","decl":{"start":{"line":16,"column":9},"end":{"line":16,"column":10}},"loc":{"start":{"line":16,"column":18},"end":{"line":16,"column":41}},"line":16}},"branchMap":{"0":{"loc":{"start":{"line":5,"column":11},"end":{"line":5,"column":88}},"type":"cond-expr","locations":[{"start":{"line":5,"column":40},"end":{"line":5,"column":66}},{"start":{"line":5,"column":69},"end":{"line":5,"column":88}}],"line":5},"1":{"loc":{"start":{"line":14,"column":2},"end":{"line":14,"column":25}},"type":"if","locations":[{"start":{"line":14,"column":2},"end":{"line":14,"column":25}},{"start":{},"end":{}}],"line":14}},"s":{"0":10,"1":0,"2":10,"3":0,"4":10,"5":0,"6":0,"7":0,"8":0},"f":{"0":0,"1":0,"2":0,"3":0},"b":{"0":[0,0],"1":[0,0]},"_coverageSchema":"1a1c01bbd47fc00a2c39e90264f33305004495a9","hash":"1f8e368c47dc0c1e05d246da3f1d93862effe2ce"}
,"/Users/igngarcia/Projects/splitpal/frontend/src/helpers/TestHelper.tsx": {"path":"/Users/igngarcia/Projects/splitpal/frontend/src/helpers/TestHelper.tsx","statementMap":{"0":{"start":{"line":8,"column":34},"end":{"line":14,"column":1}},"1":{"start":{"line":15,"column":18},"end":{"line":15,"column":36}},"2":{"start":{"line":16,"column":14},"end":{"line":16,"column":43}},"3":{"start":{"line":18,"column":31},"end":{"line":26,"column":1}},"4":{"start":{"line":19,"column":2},"end":{"line":25,"column":4}}},"fnMap":{"0":{"name":"(anonymous_0)","decl":{"start":{"line":18,"column":31},"end":{"line":18,"column":32}},"loc":{"start":{"line":18,"column":56},"end":{"line":26,"column":1}},"line":18}},"branchMap":{},"s":{"0":4,"1":4,"2":4,"3":4,"4":15},"f":{"0":15},"b":{},"_coverageSchema":"1a1c01bbd47fc00a2c39e90264f33305004495a9","hash":"f5d2b44169df61aba96bb5447426f349d3afb1c3"}
,"/Users/igngarcia/Projects/splitpal/frontend/src/helpers/ToastHelper.ts": {"path":"/Users/igngarcia/Projects/splitpal/frontend/src/helpers/ToastHelper.ts","statementMap":{"0":{"start":{"line":4,"column":2},"end":{"line":8,"column":5}},"1":{"start":{"line":12,"column":2},"end":{"line":16,"column":5}}},"fnMap":{"0":{"name":"SuccessToast","decl":{"start":{"line":3,"column":16},"end":{"line":3,"column":28}},"loc":{"start":{"line":3,"column":62},"end":{"line":9,"column":1}},"line":3},"1":{"name":"ErrorToast","decl":{"start":{"line":11,"column":16},"end":{"line":11,"column":26}},"loc":{"start":{"line":11,"column":60},"end":{"line":17,"column":1}},"line":11}},"branchMap":{},"s":{"0":0,"1":0},"f":{"0":0,"1":0},"b":{},"_coverageSchema":"1a1c01bbd47fc00a2c39e90264f33305004495a9","hash":"f018d5f874daad857439f3832ad2c931afa022a1"}
,"/Users/igngarcia/Projects/splitpal/frontend/src/helpers/ValueHelper.ts": {"path":"/Users/igngarcia/Projects/splitpal/frontend/src/helpers/ValueHelper.ts","statementMap":{"0":{"start":{"line":1,"column":27},"end":{"line":3,"column":1}},"1":{"start":{"line":2,"column":2},"end":{"line":2,"column":52}}},"fnMap":{"0":{"name":"(anonymous_0)","decl":{"start":{"line":1,"column":27},"end":{"line":1,"column":28}},"loc":{"start":{"line":1,"column":54},"end":{"line":3,"column":1}},"line":1}},"branchMap":{},"s":{"0":4,"1":19},"f":{"0":19},"b":{},"_coverageSchema":"1a1c01bbd47fc00a2c39e90264f33305004495a9","hash":"20bf6378ab3f30fafb657f7f55810396fa57b096"}
,"/Users/igngarcia/Projects/splitpal/frontend/src/hooks/useMySplits.ts": {"path":"/Users/igngarcia/Projects/splitpal/frontend/src/hooks/useMySplits.ts","statementMap":{"0":{"start":{"line":8,"column":20},"end":{"line":29,"column":1}},"1":{"start":{"line":9,"column":17},"end":{"line":9,"column":54}},"2":{"start":{"line":9,"column":43},"end":{"line":9,"column":53}},"3":{"start":{"line":10,"column":34},"end":{"line":10,"column":50}},"4":{"start":{"line":12,"column":20},"end":{"line":17,"column":3}},"5":{"start":{"line":13,"column":21},"end":{"line":13,"column":62}},"6":{"start":{"line":14,"column":4},"end":{"line":14,"column":37}},"7":{"start":{"line":14,"column":27},"end":{"line":14,"column":37}},"8":{"start":{"line":16,"column":4},"end":{"line":16,"column":20}},"9":{"start":{"line":19,"column":16},"end":{"line":22,"column":4}},"10":{"start":{"line":24,"column":2},"end":{"line":24,"column":35}},"11":{"start":{"line":25,"column":2},"end":{"line":28,"column":4}}},"fnMap":{"0":{"name":"(anonymous_0)","decl":{"start":{"line":8,"column":20},"end":{"line":8,"column":21}},"loc":{"start":{"line":8,"column":26},"end":{"line":29,"column":1}},"line":8},"1":{"name":"(anonymous_1)","decl":{"start":{"line":9,"column":32},"end":{"line":9,"column":33}},"loc":{"start":{"line":9,"column":43},"end":{"line":9,"column":53}},"line":9},"2":{"name":"(anonymous_2)","decl":{"start":{"line":12,"column":20},"end":{"line":12,"column":21}},"loc":{"start":{"line":12,"column":32},"end":{"line":17,"column":3}},"line":12}},"branchMap":{"0":{"loc":{"start":{"line":14,"column":4},"end":{"line":14,"column":37}},"type":"if","locations":[{"start":{"line":14,"column":4},"end":{"line":14,"column":37}},{"start":{},"end":{}}],"line":14}},"s":{"0":1,"1":0,"2":0,"3":0,"4":0,"5":0,"6":0,"7":0,"8":0,"9":0,"10":0,"11":0},"f":{"0":0,"1":0,"2":0},"b":{"0":[0,0]},"_coverageSchema":"1a1c01bbd47fc00a2c39e90264f33305004495a9","hash":"b042148c79b1a1449b52f58f095611cb1a793b81"}
,"/Users/igngarcia/Projects/splitpal/frontend/src/hooks/usePayments.ts": {"path":"/Users/igngarcia/Projects/splitpal/frontend/src/hooks/usePayments.ts","statementMap":{"0":{"start":{"line":8,"column":20},"end":{"line":29,"column":1}},"1":{"start":{"line":9,"column":17},"end":{"line":9,"column":57}},"2":{"start":{"line":9,"column":43},"end":{"line":9,"column":56}},"3":{"start":{"line":10,"column":21},"end":{"line":10,"column":40}},"4":{"start":{"line":12,"column":20},"end":{"line":17,"column":3}},"5":{"start":{"line":13,"column":21},"end":{"line":13,"column":65}},"6":{"start":{"line":14,"column":4},"end":{"line":14,"column":37}},"7":{"start":{"line":14,"column":27},"end":{"line":14,"column":37}},"8":{"start":{"line":16,"column":4},"end":{"line":16,"column":20}},"9":{"start":{"line":19,"column":16},"end":{"line":22,"column":4}},"10":{"start":{"line":24,"column":2},"end":{"line":24,"column":35}},"11":{"start":{"line":25,"column":2},"end":{"line":28,"column":4}}},"fnMap":{"0":{"name":"(anonymous_0)","decl":{"start":{"line":8,"column":20},"end":{"line":8,"column":21}},"loc":{"start":{"line":8,"column":65},"end":{"line":29,"column":1}},"line":8},"1":{"name":"(anonymous_1)","decl":{"start":{"line":9,"column":32},"end":{"line":9,"column":33}},"loc":{"start":{"line":9,"column":43},"end":{"line":9,"column":56}},"line":9},"2":{"name":"(anonymous_2)","decl":{"start":{"line":12,"column":20},"end":{"line":12,"column":21}},"loc":{"start":{"line":12,"column":32},"end":{"line":17,"column":3}},"line":12}},"branchMap":{"0":{"loc":{"start":{"line":14,"column":4},"end":{"line":14,"column":37}},"type":"if","locations":[{"start":{"line":14,"column":4},"end":{"line":14,"column":37}},{"start":{},"end":{}}],"line":14}},"s":{"0":1,"1":0,"2":0,"3":0,"4":0,"5":0,"6":0,"7":0,"8":0,"9":0,"10":0,"11":0},"f":{"0":0,"1":0,"2":0},"b":{"0":[0,0]},"_coverageSchema":"1a1c01bbd47fc00a2c39e90264f33305004495a9","hash":"67f34abb7d9b64db089ed45c64deec676ffd0e2a"}
,"/Users/igngarcia/Projects/splitpal/frontend/src/hooks/useRefetchOnFocus.ts": {"path":"/Users/igngarcia/Projects/splitpal/frontend/src/hooks/useRefetchOnFocus.ts","statementMap":{"0":{"start":{"line":4,"column":33},"end":{"line":16,"column":1}},"1":{"start":{"line":5,"column":48},"end":{"line":5,"column":63}},"2":{"start":{"line":6,"column":2},"end":{"line":9,"column":5}},"3":{"start":{"line":7,"column":4},"end":{"line":7,"column":29}},"4":{"start":{"line":8,"column":4},"end":{"line":8,"column":43}},"5":{"start":{"line":8,"column":17},"end":{"line":8,"column":42}},"6":{"start":{"line":11,"column":2},"end":{"line":15,"column":45}},"7":{"start":{"line":12,"column":4},"end":{"line":14,"column":5}},"8":{"start":{"line":13,"column":6},"end":{"line":13,"column":16}}},"fnMap":{"0":{"name":"(anonymous_0)","decl":{"start":{"line":4,"column":33},"end":{"line":4,"column":34}},"loc":{"start":{"line":4,"column":76},"end":{"line":16,"column":1}},"line":4},"1":{"name":"(anonymous_1)","decl":{"start":{"line":4,"column":44},"end":{"line":4,"column":45}},"loc":{"start":{"line":4,"column":50},"end":{"line":4,"column":52}},"line":4},"2":{"name":"(anonymous_2)","decl":{"start":{"line":6,"column":17},"end":{"line":6,"column":18}},"loc":{"start":{"line":6,"column":23},"end":{"line":9,"column":3}},"line":6},"3":{"name":"(anonymous_3)","decl":{"start":{"line":8,"column":11},"end":{"line":8,"column":12}},"loc":{"start":{"line":8,"column":17},"end":{"line":8,"column":42}},"line":8},"4":{"name":"(anonymous_4)","decl":{"start":{"line":11,"column":12},"end":{"line":11,"column":13}},"loc":{"start":{"line":11,"column":18},"end":{"line":15,"column":3}},"line":11}},"branchMap":{"0":{"loc":{"start":{"line":4,"column":34},"end":{"line":4,"column":52}},"type":"default-arg","locations":[{"start":{"line":4,"column":44},"end":{"line":4,"column":52}}],"line":4},"1":{"loc":{"start":{"line":4,"column":54},"end":{"line":4,"column":71}},"type":"default-arg","locations":[{"start":{"line":4,"column":67},"end":{"line":4,"column":71}}],"line":4},"2":{"loc":{"start":{"line":12,"column":4},"end":{"line":14,"column":5}},"type":"if","locations":[{"start":{"line":12,"column":4},"end":{"line":14,"column":5}},{"start":{},"end":{}}],"line":12},"3":{"loc":{"start":{"line":12,"column":8},"end":{"line":12,"column":37}},"type":"binary-expr","locations":[{"start":{"line":12,"column":8},"end":{"line":12,"column":23}},{"start":{"line":12,"column":27},"end":{"line":12,"column":37}}],"line":12}},"s":{"0":2,"1":0,"2":0,"3":0,"4":0,"5":0,"6":0,"7":0,"8":0},"f":{"0":0,"1":0,"2":0,"3":0,"4":0},"b":{"0":[0],"1":[0],"2":[0,0],"3":[0,0]},"_coverageSchema":"1a1c01bbd47fc00a2c39e90264f33305004495a9","hash":"c449539c90b5f9b29172264ecf429bf2aabe7400"}
,"/Users/igngarcia/Projects/splitpal/frontend/src/hooks/useStorage.ts": {"path":"/Users/igngarcia/Projects/splitpal/frontend/src/hooks/useStorage.ts","statementMap":{"0":{"start":{"line":3,"column":19},"end":{"line":16,"column":1}},"1":{"start":{"line":4,"column":16},"end":{"line":6,"column":3}},"2":{"start":{"line":5,"column":4},"end":{"line":5,"column":47}},"3":{"start":{"line":8,"column":15},"end":{"line":10,"column":3}},"4":{"start":{"line":9,"column":4},"end":{"line":9,"column":47}},"5":{"start":{"line":12,"column":2},"end":{"line":15,"column":4}}},"fnMap":{"0":{"name":"(anonymous_0)","decl":{"start":{"line":3,"column":19},"end":{"line":3,"column":20}},"loc":{"start":{"line":3,"column":25},"end":{"line":16,"column":1}},"line":3},"1":{"name":"(anonymous_1)","decl":{"start":{"line":4,"column":16},"end":{"line":4,"column":17}},"loc":{"start":{"line":4,"column":54},"end":{"line":6,"column":3}},"line":4},"2":{"name":"(anonymous_2)","decl":{"start":{"line":8,"column":15},"end":{"line":8,"column":16}},"loc":{"start":{"line":8,"column":38},"end":{"line":10,"column":3}},"line":8}},"branchMap":{},"s":{"0":10,"1":10,"2":0,"3":10,"4":0,"5":10},"f":{"0":10,"1":0,"2":0},"b":{},"_coverageSchema":"1a1c01bbd47fc00a2c39e90264f33305004495a9","hash":"1b4fbfdd7517abb3c0779337508f47a4da14deae"}
,"/Users/igngarcia/Projects/splitpal/frontend/src/hooks/useThemedStyles.ts": {"path":"/Users/igngarcia/Projects/splitpal/frontend/src/hooks/useThemedStyles.ts","statementMap":{"0":{"start":{"line":7,"column":24},"end":{"line":10,"column":1}},"1":{"start":{"line":8,"column":16},"end":{"line":8,"column":26}},"2":{"start":{"line":9,"column":2},"end":{"line":9,"column":23}}},"fnMap":{"0":{"name":"(anonymous_0)","decl":{"start":{"line":7,"column":24},"end":{"line":7,"column":25}},"loc":{"start":{"line":7,"column":124},"end":{"line":10,"column":1}},"line":7}},"branchMap":{},"s":{"0":19,"1":365,"2":361},"f":{"0":365},"b":{},"_coverageSchema":"1a1c01bbd47fc00a2c39e90264f33305004495a9","hash":"4152db15f0995fe903eb56d985d418e8368027a9"}
,"/Users/igngarcia/Projects/splitpal/frontend/src/redux/hooks.ts": {"path":"/Users/igngarcia/Projects/splitpal/frontend/src/redux/hooks.ts","statementMap":{"0":{"start":{"line":4,"column":30},"end":{"line":4,"column":66}},"1":{"start":{"line":5,"column":30},"end":{"line":5,"column":64}}},"fnMap":{},"branchMap":{},"s":{"0":10,"1":10},"f":{},"b":{},"_coverageSchema":"1a1c01bbd47fc00a2c39e90264f33305004495a9","hash":"e829888e98557ec55aa10306bb5ab4abcdc0f1ef"}
,"/Users/igngarcia/Projects/splitpal/frontend/src/redux/slices/usersSlice/index.ts": {"path":"/Users/igngarcia/Projects/splitpal/frontend/src/redux/slices/usersSlice/index.ts","statementMap":{"0":{"start":{"line":5,"column":33},"end":{"line":9,"column":1}},"1":{"start":{"line":11,"column":26},"end":{"line":26,"column":2}},"2":{"start":{"line":16,"column":6},"end":{"line":16,"column":35}},"3":{"start":{"line":17,"column":6},"end":{"line":17,"column":47}},"4":{"start":{"line":18,"column":6},"end":{"line":18,"column":41}},"5":{"start":{"line":21,"column":6},"end":{"line":21,"column":20}},"6":{"start":{"line":22,"column":6},"end":{"line":22,"column":26}},"7":{"start":{"line":23,"column":6},"end":{"line":23,"column":23}},"8":{"start":{"line":28,"column":40},"end":{"line":28,"column":58}}},"fnMap":{"0":{"name":"(anonymous_0)","decl":{"start":{"line":15,"column":18},"end":{"line":15,"column":19}},"loc":{"start":{"line":15,"column":64},"end":{"line":19,"column":5}},"line":15},"1":{"name":"(anonymous_1)","decl":{"start":{"line":20,"column":12},"end":{"line":20,"column":13}},"loc":{"start":{"line":20,"column":23},"end":{"line":24,"column":5}},"line":20}},"branchMap":{},"s":{"0":1,"1":1,"2":0,"3":0,"4":0,"5":0,"6":0,"7":0,"8":1},"f":{"0":0,"1":0},"b":{},"_coverageSchema":"1a1c01bbd47fc00a2c39e90264f33305004495a9","hash":"1ecc2c95e026bd2661f516476365761e5778ad77"}
,"/Users/igngarcia/Projects/splitpal/frontend/src/schemas/login.ts": {"path":"/Users/igngarcia/Projects/splitpal/frontend/src/schemas/login.ts","statementMap":{"0":{"start":{"line":3,"column":27},"end":{"line":6,"column":2}}},"fnMap":{},"branchMap":{},"s":{"0":1},"f":{},"b":{},"_coverageSchema":"1a1c01bbd47fc00a2c39e90264f33305004495a9","hash":"a2e10bf92073173b985b327d18ec175eb129de39"}
,"/Users/igngarcia/Projects/splitpal/frontend/src/schemas/signup.ts": {"path":"/Users/igngarcia/Projects/splitpal/frontend/src/schemas/signup.ts","statementMap":{"0":{"start":{"line":3,"column":28},"end":{"line":9,"column":2}}},"fnMap":{},"branchMap":{},"s":{"0":1},"f":{},"b":{},"_coverageSchema":"1a1c01bbd47fc00a2c39e90264f33305004495a9","hash":"d339dd805764bb0e1cd8660be83a5f2502585e4a"}
,"/Users/igngarcia/Projects/splitpal/frontend/src/schemas/split.ts": {"path":"/Users/igngarcia/Projects/splitpal/frontend/src/schemas/split.ts","statementMap":{"0":{"start":{"line":3,"column":27},"end":{"line":18,"column":2}},"1":{"start":{"line":9,"column":6},"end":{"line":9,"column":38}},"2":{"start":{"line":12,"column":6},"end":{"line":12,"column":37}}},"fnMap":{"0":{"name":"(anonymous_0)","decl":{"start":{"line":8,"column":15},"end":{"line":8,"column":16}},"loc":{"start":{"line":8,"column":26},"end":{"line":10,"column":5}},"line":8},"1":{"name":"(anonymous_1)","decl":{"start":{"line":11,"column":62},"end":{"line":11,"column":63}},"loc":{"start":{"line":11,"column":73},"end":{"line":13,"column":5}},"line":11}},"branchMap":{},"s":{"0":1,"1":1,"2":1},"f":{"0":1,"1":1},"b":{},"_coverageSchema":"1a1c01bbd47fc00a2c39e90264f33305004495a9","hash":"e0c09f0521459b7cac8fc58478d481733c781160"}
,"/Users/igngarcia/Projects/splitpal/frontend/src/schemas/updateUser.ts": {"path":"/Users/igngarcia/Projects/splitpal/frontend/src/schemas/updateUser.ts","statementMap":{"0":{"start":{"line":3,"column":32},"end":{"line":7,"column":2}}},"fnMap":{},"branchMap":{},"s":{"0":1},"f":{},"b":{},"_coverageSchema":"1a1c01bbd47fc00a2c39e90264f33305004495a9","hash":"aa887cae120b8db7372ecfd38d8d21939ea589de"}
,"/Users/igngarcia/Projects/splitpal/frontend/src/services/index.ts": {"path":"/Users/igngarcia/Projects/splitpal/frontend/src/services/index.ts","statementMap":{"0":{"start":{"line":4,"column":17},"end":{"line":4,"column":29}},"1":{"start":{"line":6,"column":12},"end":{"line":9,"column":2}},"2":{"start":{"line":11,"column":0},"end":{"line":15,"column":3}},"3":{"start":{"line":12,"column":16},"end":{"line":12,"column":35}},"4":{"start":{"line":13,"column":2},"end":{"line":13,"column":51}},"5":{"start":{"line":14,"column":2},"end":{"line":14,"column":16}}},"fnMap":{"0":{"name":"(anonymous_0)","decl":{"start":{"line":11,"column":29},"end":{"line":11,"column":30}},"loc":{"start":{"line":11,"column":53},"end":{"line":15,"column":1}},"line":11}},"branchMap":{"0":{"loc":{"start":{"line":7,"column":11},"end":{"line":7,"column":84}},"type":"cond-expr","locations":[{"start":{"line":7,"column":21},"end":{"line":7,"column":53}},{"start":{"line":7,"column":56},"end":{"line":7,"column":84}}],"line":7}},"s":{"0":10,"1":10,"2":10,"3":0,"4":0,"5":0},"f":{"0":0},"b":{"0":[10,0]},"_coverageSchema":"1a1c01bbd47fc00a2c39e90264f33305004495a9","hash":"1d64f5b1aabc96d9c85070f022554e8f891728e0"}
,"/Users/igngarcia/Projects/splitpal/frontend/src/services/auth/index.ts": {"path":"/Users/igngarcia/Projects/splitpal/frontend/src/services/auth/index.ts","statementMap":{"0":{"start":{"line":6,"column":23},"end":{"line":29,"column":1}},"1":{"start":{"line":7,"column":19},"end":{"line":14,"column":3}},"2":{"start":{"line":8,"column":4},"end":{"line":13,"column":5}},"3":{"start":{"line":9,"column":23},"end":{"line":9,"column":61}},"4":{"start":{"line":10,"column":6},"end":{"line":10,"column":27}},"5":{"start":{"line":12,"column":6},"end":{"line":12,"column":37}},"6":{"start":{"line":16,"column":16},"end":{"line":23,"column":3}},"7":{"start":{"line":17,"column":4},"end":{"line":22,"column":5}},"8":{"start":{"line":18,"column":23},"end":{"line":18,"column":58}},"9":{"start":{"line":19,"column":6},"end":{"line":19,"column":27}},"10":{"start":{"line":21,"column":6},"end":{"line":21,"column":37}},"11":{"start":{"line":25,"column":2},"end":{"line":28,"column":4}}},"fnMap":{"0":{"name":"(anonymous_0)","decl":{"start":{"line":6,"column":23},"end":{"line":6,"column":24}},"loc":{"start":{"line":6,"column":29},"end":{"line":29,"column":1}},"line":6},"1":{"name":"(anonymous_1)","decl":{"start":{"line":7,"column":19},"end":{"line":7,"column":20}},"loc":{"start":{"line":7,"column":88},"end":{"line":14,"column":3}},"line":7},"2":{"name":"(anonymous_2)","decl":{"start":{"line":16,"column":16},"end":{"line":16,"column":17}},"loc":{"start":{"line":16,"column":79},"end":{"line":23,"column":3}},"line":16}},"branchMap":{},"s":{"0":2,"1":0,"2":0,"3":0,"4":0,"5":0,"6":0,"7":0,"8":0,"9":0,"10":0,"11":0},"f":{"0":0,"1":0,"2":0},"b":{},"_coverageSchema":"1a1c01bbd47fc00a2c39e90264f33305004495a9","hash":"e3d3bb4bb3315e6d0c87b6eb056f5bc1d9b341ab"}
,"/Users/igngarcia/Projects/splitpal/frontend/src/services/payments/index.tsx": {"path":"/Users/igngarcia/Projects/splitpal/frontend/src/services/payments/index.tsx","statementMap":{"0":{"start":{"line":6,"column":26},"end":{"line":39,"column":1}},"1":{"start":{"line":7,"column":17},"end":{"line":15,"column":3}},"2":{"start":{"line":8,"column":18},"end":{"line":8,"column":43}},"3":{"start":{"line":9,"column":4},"end":{"line":14,"column":5}},"4":{"start":{"line":10,"column":23},"end":{"line":10,"column":58}},"5":{"start":{"line":11,"column":6},"end":{"line":11,"column":27}},"6":{"start":{"line":13,"column":6},"end":{"line":13,"column":37}},"7":{"start":{"line":17,"column":17},"end":{"line":33,"column":3}},"8":{"start":{"line":18,"column":17},"end":{"line":18,"column":31}},"9":{"start":{"line":19,"column":4},"end":{"line":19,"column":51}},"10":{"start":{"line":20,"column":4},"end":{"line":20,"column":43}},"11":{"start":{"line":21,"column":4},"end":{"line":21,"column":45}},"12":{"start":{"line":22,"column":4},"end":{"line":26,"column":14}},"13":{"start":{"line":27,"column":4},"end":{"line":32,"column":5}},"14":{"start":{"line":28,"column":23},"end":{"line":28,"column":112}},"15":{"start":{"line":29,"column":6},"end":{"line":29,"column":27}},"16":{"start":{"line":31,"column":6},"end":{"line":31,"column":37}},"17":{"start":{"line":35,"column":2},"end":{"line":38,"column":4}}},"fnMap":{"0":{"name":"(anonymous_0)","decl":{"start":{"line":6,"column":26},"end":{"line":6,"column":27}},"loc":{"start":{"line":6,"column":32},"end":{"line":39,"column":1}},"line":6},"1":{"name":"(anonymous_1)","decl":{"start":{"line":7,"column":17},"end":{"line":7,"column":18}},"loc":{"start":{"line":7,"column":80},"end":{"line":15,"column":3}},"line":7},"2":{"name":"(anonymous_2)","decl":{"start":{"line":17,"column":17},"end":{"line":17,"column":18}},"loc":{"start":{"line":17,"column":78},"end":{"line":33,"column":3}},"line":17}},"branchMap":{},"s":{"0":3,"1":4,"2":0,"3":0,"4":0,"5":0,"6":0,"7":4,"8":0,"9":0,"10":0,"11":0,"12":0,"13":0,"14":0,"15":0,"16":0,"17":4},"f":{"0":4,"1":0,"2":0},"b":{},"_coverageSchema":"1a1c01bbd47fc00a2c39e90264f33305004495a9","hash":"d70ac1fd7abbe33ccd7db5b998541b6a039eb195"}
,"/Users/igngarcia/Projects/splitpal/frontend/src/services/splits/index.tsx": {"path":"/Users/igngarcia/Projects/splitpal/frontend/src/services/splits/index.tsx","statementMap":{"0":{"start":{"line":6,"column":24},"end":{"line":50,"column":1}},"1":{"start":{"line":7,"column":17},"end":{"line":14,"column":3}},"2":{"start":{"line":8,"column":4},"end":{"line":13,"column":5}},"3":{"start":{"line":9,"column":23},"end":{"line":9,"column":54}},"4":{"start":{"line":10,"column":6},"end":{"line":10,"column":27}},"5":{"start":{"line":12,"column":6},"end":{"line":12,"column":37}},"6":{"start":{"line":16,"column":17},"end":{"line":24,"column":3}},"7":{"start":{"line":17,"column":18},"end":{"line":17,"column":43}},"8":{"start":{"line":18,"column":4},"end":{"line":23,"column":5}},"9":{"start":{"line":19,"column":23},"end":{"line":19,"column":56}},"10":{"start":{"line":20,"column":6},"end":{"line":20,"column":27}},"11":{"start":{"line":22,"column":6},"end":{"line":22,"column":37}},"12":{"start":{"line":26,"column":18},"end":{"line":33,"column":3}},"13":{"start":{"line":27,"column":4},"end":{"line":32,"column":5}},"14":{"start":{"line":28,"column":23},"end":{"line":28,"column":53}},"15":{"start":{"line":29,"column":6},"end":{"line":29,"column":27}},"16":{"start":{"line":31,"column":6},"end":{"line":31,"column":37}},"17":{"start":{"line":35,"column":15},"end":{"line":42,"column":3}},"18":{"start":{"line":36,"column":4},"end":{"line":41,"column":5}},"19":{"start":{"line":37,"column":23},"end":{"line":37,"column":74}},"20":{"start":{"line":38,"column":6},"end":{"line":38,"column":27}},"21":{"start":{"line":40,"column":6},"end":{"line":40,"column":37}},"22":{"start":{"line":44,"column":2},"end":{"line":49,"column":4}}},"fnMap":{"0":{"name":"(anonymous_0)","decl":{"start":{"line":6,"column":24},"end":{"line":6,"column":25}},"loc":{"start":{"line":6,"column":30},"end":{"line":50,"column":1}},"line":6},"1":{"name":"(anonymous_1)","decl":{"start":{"line":7,"column":17},"end":{"line":7,"column":18}},"loc":{"start":{"line":7,"column":81},"end":{"line":14,"column":3}},"line":7},"2":{"name":"(anonymous_2)","decl":{"start":{"line":16,"column":17},"end":{"line":16,"column":18}},"loc":{"start":{"line":16,"column":79},"end":{"line":24,"column":3}},"line":16},"3":{"name":"(anonymous_3)","decl":{"start":{"line":26,"column":18},"end":{"line":26,"column":19}},"loc":{"start":{"line":26,"column":66},"end":{"line":33,"column":3}},"line":26},"4":{"name":"(anonymous_4)","decl":{"start":{"line":35,"column":15},"end":{"line":35,"column":16}},"loc":{"start":{"line":35,"column":92},"end":{"line":42,"column":3}},"line":35}},"branchMap":{},"s":{"0":3,"1":6,"2":0,"3":0,"4":0,"5":0,"6":6,"7":0,"8":0,"9":0,"10":0,"11":0,"12":6,"13":0,"14":0,"15":0,"16":0,"17":6,"18":0,"19":0,"20":0,"21":0,"22":6},"f":{"0":6,"1":0,"2":0,"3":0,"4":0},"b":{},"_coverageSchema":"1a1c01bbd47fc00a2c39e90264f33305004495a9","hash":"7c484199b10c0c818f64a05ee9676d5ea1943ce0"}
,"/Users/igngarcia/Projects/splitpal/frontend/src/services/users/index.tsx": {"path":"/Users/igngarcia/Projects/splitpal/frontend/src/services/users/index.tsx","statementMap":{"0":{"start":{"line":7,"column":23},"end":{"line":30,"column":1}},"1":{"start":{"line":8,"column":30},"end":{"line":15,"column":3}},"2":{"start":{"line":9,"column":4},"end":{"line":14,"column":5}},"3":{"start":{"line":10,"column":23},"end":{"line":10,"column":75}},"4":{"start":{"line":11,"column":6},"end":{"line":11,"column":27}},"5":{"start":{"line":13,"column":6},"end":{"line":13,"column":37}},"6":{"start":{"line":17,"column":23},"end":{"line":24,"column":3}},"7":{"start":{"line":18,"column":4},"end":{"line":23,"column":5}},"8":{"start":{"line":19,"column":23},"end":{"line":19,"column":70}},"9":{"start":{"line":20,"column":6},"end":{"line":20,"column":27}},"10":{"start":{"line":22,"column":6},"end":{"line":22,"column":37}},"11":{"start":{"line":26,"column":2},"end":{"line":29,"column":4}}},"fnMap":{"0":{"name":"(anonymous_0)","decl":{"start":{"line":7,"column":23},"end":{"line":7,"column":24}},"loc":{"start":{"line":7,"column":29},"end":{"line":30,"column":1}},"line":7},"1":{"name":"(anonymous_1)","decl":{"start":{"line":8,"column":30},"end":{"line":8,"column":31}},"loc":{"start":{"line":8,"column":99},"end":{"line":15,"column":3}},"line":8},"2":{"name":"(anonymous_2)","decl":{"start":{"line":17,"column":23},"end":{"line":17,"column":24}},"loc":{"start":{"line":17,"column":83},"end":{"line":24,"column":3}},"line":17}},"branchMap":{},"s":{"0":2,"1":0,"2":0,"3":0,"4":0,"5":0,"6":0,"7":0,"8":0,"9":0,"10":0,"11":0},"f":{"0":0,"1":0,"2":0},"b":{},"_coverageSchema":"1a1c01bbd47fc00a2c39e90264f33305004495a9","hash":"26ba897b1387e48301ec82649ace683530dfa451"}
}
