TN:
SF:assets/logo.png
FNF:0
FNH:0
DA:1,2
LF:1
LH:1
BRF:0
BRH:0
end_of_record
TN:
SF:src/components/Card/index.tsx
FN:9,(anonymous_0)
FNF:1
FNH:1
FNDA:28,(anonymous_0)
DA:9,5
DA:10,28
DA:11,28
LF:3
LH:3
BRDA:14,0,0,28
BRDA:14,0,1,7
BRF:2
BRH:2
end_of_record
TN:
SF:src/components/Card/styles.ts
FN:4,(anonymous_0)
FNF:1
FNH:1
FNDA:28,(anonymous_0)
DA:4,5
DA:5,28
LF:2
LH:2
BRF:0
BRH:0
end_of_record
TN:
SF:src/components/FAB/New.tsx
FN:7,(anonymous_0)
FNF:1
FNH:1
FNDA:8,(anonymous_0)
DA:7,2
DA:8,8
DA:9,7
LF:3
LH:3
BRDA:8,0,0,1
BRDA:8,0,1,7
BRDA:12,1,0,7
BRDA:12,1,1,0
BRDA:16,2,0,7
BRDA:16,2,1,0
BRDA:16,3,0,7
BRDA:16,3,1,4
BRF:8
BRH:6
end_of_record
TN:
SF:src/components/FAB/index.tsx
FNF:0
FNH:0
DA:3,2
LF:1
LH:1
BRF:0
BRH:0
end_of_record
TN:
SF:src/components/FAB/styles.ts
FNF:0
FNH:0
DA:3,2
LF:1
LH:1
BRF:0
BRH:0
end_of_record
TN:
SF:src/components/FormError/index.tsx
FN:6,(anonymous_0)
FNF:1
FNH:1
FNDA:13,(anonymous_0)
DA:6,3
DA:7,13
LF:2
LH:2
BRF:0
BRH:0
end_of_record
TN:
SF:src/components/FormError/styles.ts
FNF:0
FNH:0
DA:3,3
LF:1
LH:1
BRF:0
BRH:0
end_of_record
TN:
SF:src/components/Input/index.tsx
FN:6,(anonymous_0)
FNF:1
FNH:1
FNDA:161,(anonymous_0)
DA:6,10
DA:7,161
DA:8,157
LF:3
LH:3
BRF:0
BRH:0
end_of_record
TN:
SF:src/components/Input/styles.ts
FN:4,(anonymous_0)
FNF:1
FNH:1
FNDA:157,(anonymous_0)
DA:4,10
DA:5,157
LF:2
LH:2
BRF:0
BRH:0
end_of_record
TN:
SF:src/components/ListedButton/index.tsx
FN:9,(anonymous_0)
FNF:1
FNH:1
FNDA:2,(anonymous_0)
DA:9,1
DA:10,2
DA:11,2
LF:3
LH:3
BRF:0
BRH:0
end_of_record
TN:
SF:src/components/ListedButton/styles.ts
FNF:0
FNH:0
DA:3,1
LF:1
LH:1
BRF:0
BRH:0
end_of_record
TN:
SF:src/components/MaskedValue/index.tsx
FN:6,(anonymous_0)
FNF:1
FNH:1
FNDA:21,(anonymous_0)
DA:6,4
DA:7,21
LF:2
LH:2
BRF:0
BRH:0
end_of_record
TN:
SF:src/components/Payment/index.tsx
FNF:0
FNH:0
DA:4,1
LF:1
LH:1
BRF:0
BRH:0
end_of_record
TN:
SF:src/components/Payment/styles.ts
FNF:0
FNH:0
DA:3,2
LF:1
LH:1
BRF:0
BRH:0
end_of_record
TN:
SF:src/components/Payment/Item/index.tsx
FN:10,(anonymous_0)
FN:27,(anonymous_1)
FNF:2
FNH:2
FNDA:9,(anonymous_0)
FNDA:1,(anonymous_1)
DA:10,2
DA:11,9
DA:27,1
LF:3
LH:3
BRF:0
BRH:0
end_of_record
TN:
SF:src/components/Payment/List/index.tsx
FN:10,(anonymous_0)
FN:11,(anonymous_1)
FN:17,(anonymous_2)
FNF:3
FNH:3
FNDA:6,(anonymous_0)
FNDA:5,(anonymous_1)
FNDA:10,(anonymous_2)
DA:10,2
DA:11,6
DA:13,6
DA:14,5
DA:17,10
LF:5
LH:5
BRDA:13,0,0,1
BRDA:13,0,1,5
BRF:2
BRH:2
end_of_record
TN:
SF:src/components/Rounded/index.tsx
FNF:0
FNH:0
DA:4,2
LF:1
LH:1
BRF:0
BRH:0
end_of_record
TN:
SF:src/components/Rounded/styles.ts
FN:4,(anonymous_0)
FNF:1
FNH:1
FNDA:9,(anonymous_0)
DA:4,2
DA:5,9
LF:2
LH:2
BRF:0
BRH:0
end_of_record
TN:
SF:src/components/Rounded/Back/index.tsx
FN:6,(anonymous_0)
FNF:1
FNH:1
FNDA:7,(anonymous_0)
DA:6,2
DA:7,7
DA:8,7
LF:3
LH:3
BRF:0
BRH:0
end_of_record
TN:
SF:src/components/Rounded/Default/index.tsx
FN:8,(anonymous_0)
FNF:1
FNH:1
FNDA:9,(anonymous_0)
DA:8,2
DA:9,9
DA:10,9
LF:3
LH:3
BRF:0
BRH:0
end_of_record
TN:
SF:src/components/Row/index.tsx
FN:6,(anonymous_0)
FNF:1
FNH:1
FNDA:92,(anonymous_0)
DA:6,12
DA:7,92
DA:8,92
LF:3
LH:3
BRF:0
BRH:0
end_of_record
TN:
SF:src/components/Row/styles.ts
FN:4,(anonymous_0)
FNF:1
FNH:1
FNDA:92,(anonymous_0)
DA:4,12
DA:5,92
LF:2
LH:2
BRF:0
BRH:0
end_of_record
TN:
SF:src/components/Screen/index.tsx
FNF:0
FNH:0
DA:6,8
LF:1
LH:1
BRF:0
BRH:0
end_of_record
TN:
SF:src/components/Screen/styles.ts
FNF:0
FNH:0
DA:3,8
LF:1
LH:1
BRF:0
BRH:0
end_of_record
TN:
SF:src/components/Screen/Content/index.tsx
FN:6,(anonymous_0)
FNF:1
FNH:1
FNDA:17,(anonymous_0)
DA:6,8
DA:7,17
LF:2
LH:2
BRDA:7,0,0,1
BRDA:7,0,1,16
BRF:2
BRH:2
end_of_record
TN:
SF:src/components/Screen/Header/index.tsx
FN:6,(anonymous_0)
FNF:1
FNH:1
FNDA:16,(anonymous_0)
DA:6,8
DA:7,16
LF:2
LH:2
BRF:0
BRH:0
end_of_record
TN:
SF:src/components/Screen/Loading/index.tsx
FN:7,(anonymous_0)
FNF:1
FNH:1
FNDA:4,(anonymous_0)
DA:7,8
DA:8,4
LF:2
LH:2
BRDA:10,0,0,4
BRDA:10,0,1,2
BRF:2
BRH:2
end_of_record
TN:
SF:src/components/Screen/Root/index.tsx
FN:7,(anonymous_0)
FNF:1
FNH:1
FNDA:26,(anonymous_0)
DA:7,8
DA:8,26
LF:2
LH:2
BRDA:10,0,0,26
BRDA:10,0,1,15
BRF:2
BRH:2
end_of_record
TN:
SF:src/components/Skeleton/index.tsx
FN:6,(anonymous_0)
FNF:1
FNH:1
FNDA:7,(anonymous_0)
DA:6,3
DA:7,7
DA:8,7
DA:10,7
LF:4
LH:4
BRDA:8,0,0,0
BRDA:8,0,1,7
BRF:2
BRH:1
end_of_record
TN:
SF:src/components/Spaced/index.tsx
FN:5,(anonymous_0)
FNF:1
FNH:1
FNDA:71,(anonymous_0)
DA:5,12
DA:6,71
LF:2
LH:2
BRF:0
BRH:0
end_of_record
TN:
SF:src/components/Split/index.tsx
FNF:0
FNH:0
DA:4,2
LF:1
LH:1
BRF:0
BRH:0
end_of_record
TN:
SF:src/components/Split/styles.ts
FNF:0
FNH:0
DA:3,3
LF:1
LH:1
BRF:0
BRH:0
end_of_record
TN:
SF:src/components/Split/Item/index.tsx
FN:9,(anonymous_0)
FNF:1
FNH:1
FNDA:10,(anonymous_0)
DA:9,3
DA:10,10
LF:2
LH:2
BRDA:18,0,0,10
BRDA:18,0,1,1
BRF:2
BRH:2
end_of_record
TN:
SF:src/components/Split/List/index.tsx
FN:14,(anonymous_0)
FN:16,(anonymous_1)
FN:18,(anonymous_2)
FN:23,(anonymous_3)
FN:24,(anonymous_4)
FN:33,(anonymous_5)
FN:33,(anonymous_6)
FN:34,(anonymous_7)
FN:34,(anonymous_8)
FN:39,(anonymous_9)
FN:48,(anonymous_10)
FNF:11
FNH:9
FNDA:5,(anonymous_0)
FNDA:10,(anonymous_1)
FNDA:0,(anonymous_2)
FNDA:2,(anonymous_3)
FNDA:0,(anonymous_4)
FNDA:2,(anonymous_5)
FNDA:2,(anonymous_6)
FNDA:2,(anonymous_7)
FNDA:2,(anonymous_8)
FNDA:2,(anonymous_9)
FNDA:2,(anonymous_10)
DA:14,3
DA:15,5
DA:16,10
DA:18,5
DA:19,0
DA:22,5
DA:24,2
DA:31,5
DA:33,4
DA:34,4
DA:35,4
DA:39,2
DA:48,2
LF:13
LH:12
BRDA:31,0,0,1
BRDA:31,0,1,4
BRDA:33,1,0,2
BRDA:33,1,1,2
BRDA:34,2,0,2
BRDA:34,2,1,2
BRF:6
BRH:6
end_of_record
TN:
SF:src/components/Split/Loading/index.tsx
FN:6,(anonymous_0)
FNF:1
FNH:1
FNDA:1,(anonymous_0)
DA:6,3
DA:7,1
LF:2
LH:2
BRF:0
BRH:0
end_of_record
TN:
SF:src/components/Title/index.tsx
FN:7,(anonymous_0)
FNF:1
FNH:1
FNDA:35,(anonymous_0)
DA:7,7
DA:8,35
LF:2
LH:2
BRF:0
BRH:0
end_of_record
TN:
SF:src/components/Title/styles.ts
FNF:0
FNH:0
DA:3,7
LF:1
LH:1
BRF:0
BRH:0
end_of_record
TN:
SF:src/components/View/index.tsx
FN:6,(anonymous_0)
FNF:1
FNH:1
FNDA:50,(anonymous_0)
DA:6,9
DA:7,50
DA:9,50
LF:3
LH:3
BRF:0
BRH:0
end_of_record
TN:
SF:src/components/View/styles.ts
FN:4,(anonymous_0)
FNF:1
FNH:1
FNDA:47,(anonymous_0)
DA:4,9
DA:5,47
LF:2
LH:2
BRF:0
BRH:0
end_of_record
TN:
SF:src/features/account/Feed/ViewModel.ts
FN:3,(anonymous_0)
FNF:1
FNH:0
FNDA:0,(anonymous_0)
DA:3,1
DA:4,0
DA:6,0
LF:3
LH:1
BRF:0
BRH:0
end_of_record
TN:
SF:src/features/account/Feed/index.tsx
FN:7,(anonymous_0)
FNF:1
FNH:1
FNDA:2,(anonymous_0)
DA:7,1
DA:8,2
DA:9,2
LF:3
LH:3
BRF:0
BRH:0
end_of_record
TN:
SF:src/features/account/MyData/ViewModel.ts
FN:7,(anonymous_0)
FN:8,(anonymous_1)
FN:11,(anonymous_2)
FNF:3
FNH:0
FNDA:0,(anonymous_0)
FNDA:0,(anonymous_1)
FNDA:0,(anonymous_2)
DA:7,1
DA:8,0
DA:9,0
DA:11,0
DA:12,0
DA:16,0
DA:17,0
DA:19,0
DA:22,0
LF:9
LH:1
BRDA:17,0,0,0
BRDA:17,0,1,0
BRF:2
BRH:0
end_of_record
TN:
SF:src/features/account/MyData/index.tsx
FN:11,(anonymous_0)
FN:19,(anonymous_1)
FN:20,(anonymous_2)
FN:25,(anonymous_3)
FNF:4
FNH:4
FNDA:3,(anonymous_0)
FNDA:1,(anonymous_1)
FNDA:9,(anonymous_2)
FNDA:2,(anonymous_3)
DA:11,1
DA:12,3
DA:13,3
DA:19,1
DA:21,9
DA:25,2
LF:6
LH:6
BRF:0
BRH:0
end_of_record
TN:
SF:src/features/auth/LoginScreen/ViewModel.ts
FN:11,(anonymous_0)
FN:19,(anonymous_1)
FN:20,(anonymous_2)
FN:23,(anonymous_3)
FN:35,(anonymous_4)
FNF:5
FNH:0
FNDA:0,(anonymous_0)
FNDA:0,(anonymous_1)
FNDA:0,(anonymous_2)
FNDA:0,(anonymous_3)
FNDA:0,(anonymous_4)
DA:11,1
DA:12,0
DA:13,0
DA:14,0
DA:15,0
DA:17,0
DA:19,0
DA:20,0
DA:23,0
DA:24,0
DA:25,0
DA:26,0
DA:29,0
DA:30,0
DA:31,0
DA:32,0
DA:35,0
DA:36,0
DA:39,0
LF:19
LH:1
BRDA:25,0,0,0
BRDA:25,0,1,0
BRF:2
BRH:0
end_of_record
TN:
SF:src/features/auth/LoginScreen/index.tsx
FN:12,(anonymous_0)
FN:19,(anonymous_1)
FN:20,(anonymous_2)
FN:29,(anonymous_3)
FNF:4
FNH:4
FNDA:4,(anonymous_0)
FNDA:1,(anonymous_1)
FNDA:10,(anonymous_2)
FNDA:2,(anonymous_3)
DA:12,1
DA:13,4
DA:14,4
DA:15,4
DA:19,1
DA:21,10
DA:29,2
LF:7
LH:7
BRF:0
BRH:0
end_of_record
TN:
SF:src/features/auth/LoginScreen/styles.ts
FN:6,(anonymous_0)
FNF:1
FNH:1
FNDA:4,(anonymous_0)
DA:4,1
DA:6,1
DA:7,4
LF:3
LH:3
BRF:0
BRH:0
end_of_record
TN:
SF:src/features/auth/RegisterScreen/ViewModel.ts
FN:9,(anonymous_0)
FN:14,(anonymous_1)
FN:15,(anonymous_2)
FN:18,(anonymous_3)
FN:20,(anonymous_4)
FNF:5
FNH:0
FNDA:0,(anonymous_0)
FNDA:0,(anonymous_1)
FNDA:0,(anonymous_2)
FNDA:0,(anonymous_3)
FNDA:0,(anonymous_4)
DA:9,1
DA:10,0
DA:11,0
DA:12,0
DA:14,0
DA:15,0
DA:18,0
DA:20,0
DA:21,0
DA:22,0
DA:24,0
DA:25,0
DA:28,0
LF:13
LH:1
BRDA:22,0,0,0
BRDA:22,0,1,0
BRF:2
BRH:0
end_of_record
TN:
SF:src/features/auth/RegisterScreen/index.tsx
FN:13,(anonymous_0)
FN:20,(anonymous_1)
FN:21,(anonymous_2)
FN:39,(anonymous_3)
FNF:4
FNH:4
FNDA:4,(anonymous_0)
FNDA:1,(anonymous_1)
FNDA:10,(anonymous_2)
FNDA:2,(anonymous_3)
DA:13,1
DA:14,4
DA:15,4
DA:16,4
DA:20,1
DA:22,10
DA:39,2
LF:7
LH:7
BRDA:24,0,0,10
BRDA:24,0,1,2
BRDA:31,1,0,10
BRDA:31,1,1,2
BRDA:38,2,0,10
BRDA:38,2,1,2
BRF:6
BRH:6
end_of_record
TN:
SF:src/features/auth/RegisterScreen/styles.ts
FN:6,(anonymous_0)
FNF:1
FNH:1
FNDA:4,(anonymous_0)
DA:4,1
DA:6,1
DA:7,4
LF:3
LH:3
BRF:0
BRH:0
end_of_record
TN:
SF:src/features/auth/components/UserInput/index.tsx
FNF:0
FNH:0
DA:6,3
LF:1
LH:1
BRF:0
BRH:0
end_of_record
TN:
SF:src/features/auth/components/UserInput/Confirmation/index.tsx
FN:6,(anonymous_0)
FNF:1
FNH:1
FNDA:16,(anonymous_0)
DA:6,3
DA:7,16
LF:2
LH:2
BRDA:13,0,0,5
BRDA:13,0,1,11
BRF:2
BRH:2
end_of_record
TN:
SF:src/features/auth/components/UserInput/Email/index.tsx
FN:5,(anonymous_0)
FNF:1
FNH:1
FNDA:23,(anonymous_0)
DA:5,3
DA:6,23
LF:2
LH:2
BRF:0
BRH:0
end_of_record
TN:
SF:src/features/auth/components/UserInput/Pasword/index.tsx
FN:6,(anonymous_0)
FNF:1
FNH:1
FNDA:26,(anonymous_0)
DA:6,3
DA:7,26
LF:2
LH:2
BRDA:13,0,0,15
BRDA:13,0,1,11
BRF:2
BRH:2
end_of_record
TN:
SF:src/features/auth/components/UserInput/Root/index.tsx
FN:5,(anonymous_0)
FNF:1
FNH:1
FNDA:21,(anonymous_0)
DA:5,3
DA:6,21
LF:2
LH:2
BRF:0
BRH:0
end_of_record
TN:
SF:src/features/split/CreateSplit/ViewModel.ts
FN:8,(anonymous_0)
FN:13,(anonymous_1)
FNF:2
FNH:0
FNDA:0,(anonymous_0)
FNDA:0,(anonymous_1)
DA:8,1
DA:9,0
DA:10,0
DA:11,0
DA:13,0
DA:14,0
DA:15,0
DA:17,0
DA:18,0
DA:20,0
DA:23,0
LF:11
LH:1
BRDA:15,0,0,0
BRDA:15,0,1,0
BRDA:18,1,0,0
BRDA:18,1,1,0
BRF:4
BRH:0
end_of_record
TN:
SF:src/features/split/CreateSplit/index.tsx
FN:15,(anonymous_0)
FN:23,(anonymous_1)
FN:24,(anonymous_2)
FN:33,(anonymous_3)
FN:39,(anonymous_4)
FNF:5
FNH:5
FNDA:7,(anonymous_0)
FNDA:1,(anonymous_1)
FNDA:12,(anonymous_2)
FNDA:2,(anonymous_3)
FNDA:1,(anonymous_4)
DA:15,1
DA:16,7
DA:17,7
DA:23,1
DA:25,12
DA:33,2
DA:39,1
LF:7
LH:7
BRDA:27,0,0,12
BRDA:27,0,1,2
BRDA:30,1,0,12
BRDA:30,1,1,2
BRDA:32,2,0,12
BRDA:32,2,1,2
BRF:6
BRH:6
end_of_record
TN:
SF:src/features/split/CreateSplit/styles.ts
FNF:0
FNH:0
DA:3,1
LF:1
LH:1
BRF:0
BRH:0
end_of_record
TN:
SF:src/features/split/SplitDetails/ViewModel.ts
FN:6,(anonymous_0)
FN:11,(anonymous_1)
FNF:2
FNH:0
FNDA:0,(anonymous_0)
FNDA:0,(anonymous_1)
DA:6,1
DA:7,0
DA:8,0
DA:9,0
DA:11,0
DA:13,0
LF:6
LH:1
BRF:0
BRH:0
end_of_record
TN:
SF:src/features/split/SplitDetails/index.tsx
FN:13,(anonymous_0)
FNF:1
FNH:1
FNDA:5,(anonymous_0)
DA:13,1
DA:14,5
DA:15,5
LF:3
LH:3
BRF:0
BRH:0
end_of_record
TN:
SF:src/features/split/SplitDetails/styles.ts
FNF:0
FNH:0
DA:3,1
LF:1
LH:1
BRF:0
BRH:0
end_of_record
TN:
SF:src/features/split/components/ModalAttachPayment/ViewModel.ts
FN:10,(anonymous_0)
FN:13,(anonymous_1)
FN:21,(anonymous_2)
FN:28,(anonymous_3)
FN:35,(anonymous_4)
FNF:5
FNH:2
FNDA:4,(anonymous_0)
FNDA:8,(anonymous_1)
FNDA:0,(anonymous_2)
FNDA:0,(anonymous_3)
FNDA:0,(anonymous_4)
DA:10,2
DA:11,4
DA:12,4
DA:13,8
DA:14,4
DA:15,4
DA:16,4
DA:21,4
DA:22,0
DA:28,4
DA:29,0
DA:30,0
DA:32,0
DA:35,4
DA:36,0
DA:38,0
DA:39,0
DA:40,0
DA:42,0
DA:44,0
DA:45,0
DA:48,4
LF:22
LH:11
BRDA:24,0,0,0
BRDA:24,0,1,0
BRDA:30,1,0,0
BRDA:30,1,1,0
BRDA:36,2,0,0
BRDA:36,2,1,0
BRDA:42,3,0,0
BRDA:42,3,1,0
BRF:8
BRH:0
end_of_record
TN:
SF:src/features/split/components/ModalAttachPayment/index.tsx
FN:11,(anonymous_0)
FN:20,(anonymous_1)
FN:36,(anonymous_2)
FNF:3
FNH:2
FNDA:9,(anonymous_0)
FNDA:0,(anonymous_1)
FNDA:2,(anonymous_2)
DA:11,2
DA:12,9
DA:13,9
DA:15,9
DA:21,0
DA:36,2
LF:6
LH:5
BRDA:30,0,0,2
BRDA:30,0,1,7
BRDA:37,1,0,9
BRDA:37,1,1,2
BRF:4
BRH:4
end_of_record
TN:
SF:src/features/split/components/ModalAttachPayment/styles.ts
FN:4,(anonymous_0)
FNF:1
FNH:1
FNDA:9,(anonymous_0)
DA:4,2
DA:5,9
LF:2
LH:2
BRF:0
BRH:0
end_of_record
TN:
SF:src/features/split/components/ModalJoinSplit/ViewModel.ts
FN:7,(anonymous_0)
FN:8,(anonymous_1)
FN:13,(anonymous_2)
FN:17,(anonymous_3)
FNF:4
FNH:2
FNDA:6,(anonymous_0)
FNDA:12,(anonymous_1)
FNDA:0,(anonymous_2)
FNDA:0,(anonymous_3)
DA:7,2
DA:8,12
DA:9,6
DA:10,6
DA:11,6
DA:13,6
DA:14,0
DA:17,6
DA:18,0
DA:20,0
DA:21,0
DA:22,0
DA:23,0
DA:25,0
DA:26,0
DA:27,0
DA:29,6
LF:17
LH:8
BRDA:18,0,0,0
BRDA:18,0,1,0
BRDA:23,1,0,0
BRDA:23,1,1,0
BRF:4
BRH:0
end_of_record
TN:
SF:src/features/split/components/ModalJoinSplit/index.tsx
FN:10,(anonymous_0)
FN:18,(anonymous_1)
FN:27,(anonymous_2)
FNF:3
FNH:2
FNDA:11,(anonymous_0)
FNDA:0,(anonymous_1)
FNDA:1,(anonymous_2)
DA:10,2
DA:11,11
DA:12,11
DA:13,11
DA:19,0
DA:27,1
LF:6
LH:5
BRF:0
BRH:0
end_of_record
TN:
SF:src/features/split/components/ModalJoinSplit/styles.ts
FN:4,(anonymous_0)
FNF:1
FNH:1
FNDA:11,(anonymous_0)
DA:4,2
DA:5,11
LF:2
LH:2
BRF:0
BRH:0
end_of_record
TN:
SF:src/helpers/DateHelper.ts
FN:3,(anonymous_0)
FNF:1
FNH:1
FNDA:9,(anonymous_0)
DA:3,2
DA:4,9
LF:2
LH:2
BRF:0
BRH:0
end_of_record
TN:
SF:src/helpers/ServiceHelper.ts
FN:3,(anonymous_0)
FN:9,(anonymous_1)
FN:13,(anonymous_2)
FN:16,(anonymous_3)
FNF:4
FNH:0
FNDA:0,(anonymous_0)
FNDA:0,(anonymous_1)
FNDA:0,(anonymous_2)
FNDA:0,(anonymous_3)
DA:3,10
DA:4,0
DA:9,10
DA:10,0
DA:13,10
DA:14,0
DA:15,0
DA:16,0
LF:8
LH:3
BRDA:5,0,0,0
BRDA:5,0,1,0
BRDA:14,1,0,0
BRDA:14,1,1,0
BRF:4
BRH:0
end_of_record
TN:
SF:src/helpers/TestHelper.tsx
FN:18,(anonymous_0)
FNF:1
FNH:1
FNDA:15,(anonymous_0)
DA:8,4
DA:15,4
DA:16,4
DA:18,4
DA:19,15
LF:5
LH:5
BRF:0
BRH:0
end_of_record
TN:
SF:src/helpers/ToastHelper.ts
FN:3,SuccessToast
FN:11,ErrorToast
FNF:2
FNH:0
FNDA:0,SuccessToast
FNDA:0,ErrorToast
DA:4,0
DA:12,0
LF:2
LH:0
BRF:0
BRH:0
end_of_record
TN:
SF:src/helpers/ValueHelper.ts
FN:1,(anonymous_0)
FNF:1
FNH:1
FNDA:19,(anonymous_0)
DA:1,4
DA:2,19
LF:2
LH:2
BRF:0
BRH:0
end_of_record
TN:
SF:src/hooks/useMySplits.ts
FN:8,(anonymous_0)
FN:9,(anonymous_1)
FN:12,(anonymous_2)
FNF:3
FNH:0
FNDA:0,(anonymous_0)
FNDA:0,(anonymous_1)
FNDA:0,(anonymous_2)
DA:8,1
DA:9,0
DA:10,0
DA:12,0
DA:13,0
DA:14,0
DA:16,0
DA:19,0
DA:24,0
DA:25,0
LF:10
LH:1
BRDA:14,0,0,0
BRDA:14,0,1,0
BRF:2
BRH:0
end_of_record
TN:
SF:src/hooks/usePayments.ts
FN:8,(anonymous_0)
FN:9,(anonymous_1)
FN:12,(anonymous_2)
FNF:3
FNH:0
FNDA:0,(anonymous_0)
FNDA:0,(anonymous_1)
FNDA:0,(anonymous_2)
DA:8,1
DA:9,0
DA:10,0
DA:12,0
DA:13,0
DA:14,0
DA:16,0
DA:19,0
DA:24,0
DA:25,0
LF:10
LH:1
BRDA:14,0,0,0
BRDA:14,0,1,0
BRF:2
BRH:0
end_of_record
TN:
SF:src/hooks/useRefetchOnFocus.ts
FN:4,(anonymous_0)
FN:4,(anonymous_1)
FN:6,(anonymous_2)
FN:8,(anonymous_3)
FN:11,(anonymous_4)
FNF:5
FNH:0
FNDA:0,(anonymous_0)
FNDA:0,(anonymous_1)
FNDA:0,(anonymous_2)
FNDA:0,(anonymous_3)
FNDA:0,(anonymous_4)
DA:4,2
DA:5,0
DA:6,0
DA:7,0
DA:8,0
DA:11,0
DA:12,0
DA:13,0
LF:8
LH:1
BRDA:4,0,0,0
BRDA:4,1,0,0
BRDA:12,2,0,0
BRDA:12,2,1,0
BRDA:12,3,0,0
BRDA:12,3,1,0
BRF:6
BRH:0
end_of_record
TN:
SF:src/hooks/useStorage.ts
FN:3,(anonymous_0)
FN:4,(anonymous_1)
FN:8,(anonymous_2)
FNF:3
FNH:1
FNDA:10,(anonymous_0)
FNDA:0,(anonymous_1)
FNDA:0,(anonymous_2)
DA:3,10
DA:4,10
DA:5,0
DA:8,10
DA:9,0
DA:12,10
LF:6
LH:4
BRF:0
BRH:0
end_of_record
TN:
SF:src/hooks/useThemedStyles.ts
FN:7,(anonymous_0)
FNF:1
FNH:1
FNDA:365,(anonymous_0)
DA:7,19
DA:8,365
DA:9,361
LF:3
LH:3
BRF:0
BRH:0
end_of_record
TN:
SF:src/redux/hooks.ts
FNF:0
FNH:0
DA:4,10
DA:5,10
LF:2
LH:2
BRF:0
BRH:0
end_of_record
TN:
SF:src/redux/slices/usersSlice/index.ts
FN:15,(anonymous_0)
FN:20,(anonymous_1)
FNF:2
FNH:0
FNDA:0,(anonymous_0)
FNDA:0,(anonymous_1)
DA:5,1
DA:11,1
DA:16,0
DA:17,0
DA:18,0
DA:21,0
DA:22,0
DA:23,0
DA:28,1
LF:9
LH:3
BRF:0
BRH:0
end_of_record
TN:
SF:src/schemas/login.ts
FNF:0
FNH:0
DA:3,1
LF:1
LH:1
BRF:0
BRH:0
end_of_record
TN:
SF:src/schemas/signup.ts
FNF:0
FNH:0
DA:3,1
LF:1
LH:1
BRF:0
BRH:0
end_of_record
TN:
SF:src/schemas/split.ts
FN:8,(anonymous_0)
FN:11,(anonymous_1)
FNF:2
FNH:2
FNDA:1,(anonymous_0)
FNDA:1,(anonymous_1)
DA:3,1
DA:9,1
DA:12,1
LF:3
LH:3
BRF:0
BRH:0
end_of_record
TN:
SF:src/schemas/updateUser.ts
FNF:0
FNH:0
DA:3,1
LF:1
LH:1
BRF:0
BRH:0
end_of_record
TN:
SF:src/services/index.ts
FN:11,(anonymous_0)
FNF:1
FNH:0
FNDA:0,(anonymous_0)
DA:4,10
DA:6,10
DA:11,10
DA:12,0
DA:13,0
DA:14,0
LF:6
LH:3
BRDA:7,0,0,10
BRDA:7,0,1,0
BRF:2
BRH:1
end_of_record
TN:
SF:src/services/auth/index.ts
FN:6,(anonymous_0)
FN:7,(anonymous_1)
FN:16,(anonymous_2)
FNF:3
FNH:0
FNDA:0,(anonymous_0)
FNDA:0,(anonymous_1)
FNDA:0,(anonymous_2)
DA:6,2
DA:7,0
DA:8,0
DA:9,0
DA:10,0
DA:12,0
DA:16,0
DA:17,0
DA:18,0
DA:19,0
DA:21,0
DA:25,0
LF:12
LH:1
BRF:0
BRH:0
end_of_record
TN:
SF:src/services/payments/index.tsx
FN:6,(anonymous_0)
FN:7,(anonymous_1)
FN:17,(anonymous_2)
FNF:3
FNH:1
FNDA:4,(anonymous_0)
FNDA:0,(anonymous_1)
FNDA:0,(anonymous_2)
DA:6,3
DA:7,4
DA:8,0
DA:9,0
DA:10,0
DA:11,0
DA:13,0
DA:17,4
DA:18,0
DA:19,0
DA:20,0
DA:21,0
DA:22,0
DA:27,0
DA:28,0
DA:29,0
DA:31,0
DA:35,4
LF:18
LH:4
BRF:0
BRH:0
end_of_record
TN:
SF:src/services/splits/index.tsx
FN:6,(anonymous_0)
FN:7,(anonymous_1)
FN:16,(anonymous_2)
FN:26,(anonymous_3)
FN:35,(anonymous_4)
FNF:5
FNH:1
FNDA:6,(anonymous_0)
FNDA:0,(anonymous_1)
FNDA:0,(anonymous_2)
FNDA:0,(anonymous_3)
FNDA:0,(anonymous_4)
DA:6,3
DA:7,6
DA:8,0
DA:9,0
DA:10,0
DA:12,0
DA:16,6
DA:17,0
DA:18,0
DA:19,0
DA:20,0
DA:22,0
DA:26,6
DA:27,0
DA:28,0
DA:29,0
DA:31,0
DA:35,6
DA:36,0
DA:37,0
DA:38,0
DA:40,0
DA:44,6
LF:23
LH:6
BRF:0
BRH:0
end_of_record
TN:
SF:src/services/users/index.tsx
FN:7,(anonymous_0)
FN:8,(anonymous_1)
FN:17,(anonymous_2)
FNF:3
FNH:0
FNDA:0,(anonymous_0)
FNDA:0,(anonymous_1)
FNDA:0,(anonymous_2)
DA:7,2
DA:8,0
DA:9,0
DA:10,0
DA:11,0
DA:13,0
DA:17,0
DA:18,0
DA:19,0
DA:20,0
DA:22,0
DA:26,0
LF:12
LH:1
BRF:0
BRH:0
end_of_record
